<html>
<head>
<title>TestNG:  Run on FIREFOX</title>
<link href="../testng.css" rel="stylesheet" type="text/css" />
<link href="../my-testng.css" rel="stylesheet" type="text/css" />

<style type="text/css">
.log { display: none;} 
.stack-trace { display: none;} 
</style>
<script type="text/javascript">
<!--
function flip(e) {
  current = e.style.display;
  if (current == 'block') {
    e.style.display = 'none';
    return 0;
  }
  else {
    e.style.display = 'block';
    return 1;
  }
}

function toggleBox(szDivId, elem, msg1, msg2)
{
  var res = -1;  if (document.getElementById) {
    res = flip(document.getElementById(szDivId));
  }
  else if (document.all) {
    // this is the way old msie versions work
    res = flip(document.all[szDivId]);
  }
  if(elem) {
    if(res == 0) elem.innerHTML = msg1; else elem.innerHTML = msg2;
  }

}

function toggleAllBoxes() {
  if (document.getElementsByTagName) {
    d = document.getElementsByTagName('div');
    for (i = 0; i < d.length; i++) {
      if (d[i].className == 'log') {
        flip(d[i]);
      }
    }
  }
}

// -->
</script>

</head>
<body>
<h2 align='center'>Run on FIREFOX</h2><table border='1' align="center">
<tr>
<td>Tests passed/Failed/Skipped:</td><td>4/9/0</td>
</tr><tr>
<td>Started on:</td><td>Thu Apr 25 21:24:25 GMT+07:00 2024</td>
</tr>
<tr><td>Total time:</td><td>307 seconds (307760 ms)</td>
</tr><tr>
<td>Included groups:</td><td></td>
</tr><tr>
<td>Excluded groups:</td><td></td>
</tr>
</table><p/>
<small><i>(Hover the method name to see the test class name)</i></small><p/>
<table width='100%' border='1' class='invocation-failed'>
<tr><td colspan='4' align='center'><b>FAILED TESTS</b></td></tr>
<tr><td><b>Test method</b></td>
<td width="30%"><b>Exception</b></td>
<td width="10%"><b>Time (seconds)</b></td>
<td><b>Instance</b></td>
</tr>
<tr>
<td title='com.maybestore.Login_demo.TC_0001_EmptyEmailAndPasswordFields()'><b>TC_0001_EmptyEmailAndPasswordFields</b><br>Test class: com.maybestore.Login_demo<br/>
<a href="#Output-195693622" onClick='toggleBox("Output-195693622", this, "Show output", "Hide output");'>Show output</a>

<a href="#Output-195693622" onClick="toggleAllBoxes();">Show all outputs</a>
<div class='log' id="Output-195693622">
[2024-04-25 21:24:41,753 INFO com.maybestore.Login_demo] - Step 1: Hover login span 
<br><br/>
[2024-04-25 21:24:42,327 INFO com.maybestore.Login_demo] - Step 2: Click button login 
<br><br/>
[2024-04-25 21:24:45,912 INFO com.maybestore.Login_demo] - Step 3: Open Login Page 
<br><br/>
[2024-04-25 21:24:47,261 INFO com.maybestore.Login_demo] - Step 6: Click Button Login
<br><br/>
[2024-04-25 21:24:48,690 INFO com.maybestore.Login_demo] - Step 7: Click Button Login
<br><br/>
[2024-04-25 21:24:48,774 INFO com.maybestore.Login_demo] - ---------------------- PASSED -----------------------
<br><br/>
[2024-04-25 21:24:48,789 INFO com.maybestore.Login_demo] - ---------------------- FAILED -----------------------
<br><br/>
<br><a target="_blank" href="file:///D:\prject-traning\Online_Class_22\01-software\eclipse-java-2022-03-R-win32-x86_64\workspace\test-maybi-site/reportNGScreenshortRegister/TC_0001_EmptyEmailAndPasswordFields_25_04_2024_09_24_48.png"><img src="file:///D:\prject-traning\Online_Class_22\01-software\eclipse-java-2022-03-R-win32-x86_64\workspace\test-maybi-site/reportNGScreenshortRegister/TC_0001_EmptyEmailAndPasswordFields_25_04_2024_09_24_48.png" height='100' width='150'/> </a></br><br/>
</div>
</td>
<td><div><pre>java.lang.AssertionError: expected [Vui lòng điền vào trường này.] but found [Please fill out this field.]
	at commons.BaseTest.verifyEquals(BaseTest.java:105)
	at com.maybestore.Login_demo.TC_0001_EmptyEmailAndPasswordFields(Login_demo.java:66)
	at java.base/java.util.concurrent.FutureTask.run(FutureTask.java:264)
	at java.base/java.util.concurrent.ThreadPoolExecutor.runWorker(ThreadPoolExecutor.java:1136)
	at java.base/java.util.concurrent.ThreadPoolExecutor$Worker.run(ThreadPoolExecutor.java:635)
	at java.base/java.lang.Thread.run(Thread.java:833)
... Removed 21 stack frames</pre></div><a href='#' onClick='toggleBox("stack-trace195693622", this, "Click to show all stack frames", "Click to hide stack frames")'>Click to show all stack frames</a>
<div class='stack-trace' id='stack-trace195693622'><pre>java.lang.AssertionError: expected [Vui lòng điền vào trường này.] but found [Please fill out this field.]
	at org.testng.Assert.fail(Assert.java:96)
	at org.testng.Assert.failNotEquals(Assert.java:776)
	at org.testng.Assert.assertEqualsImpl(Assert.java:137)
	at org.testng.Assert.assertEquals(Assert.java:118)
	at org.testng.Assert.assertEquals(Assert.java:442)
	at commons.BaseTest.verifyEquals(BaseTest.java:105)
	at com.maybestore.Login_demo.TC_0001_EmptyEmailAndPasswordFields(Login_demo.java:66)
	at java.base/jdk.internal.reflect.NativeMethodAccessorImpl.invoke0(Native Method)
	at java.base/jdk.internal.reflect.NativeMethodAccessorImpl.invoke(NativeMethodAccessorImpl.java:77)
	at java.base/jdk.internal.reflect.DelegatingMethodAccessorImpl.invoke(DelegatingMethodAccessorImpl.java:43)
	at java.base/java.lang.reflect.Method.invoke(Method.java:568)
	at org.testng.internal.MethodInvocationHelper.invokeMethod(MethodInvocationHelper.java:124)
	at org.testng.internal.Invoker.invokeMethod(Invoker.java:583)
	at org.testng.internal.Invoker.invokeTestMethod(Invoker.java:719)
	at org.testng.internal.Invoker.invokeTestMethods(Invoker.java:989)
	at org.testng.internal.TestMethodWorker.invokeTestMethods(TestMethodWorker.java:125)
	at org.testng.internal.TestMethodWorker.run(TestMethodWorker.java:109)
	at org.testng.TestRunner.privateRun(TestRunner.java:648)
	at org.testng.TestRunner.run(TestRunner.java:505)
	at org.testng.SuiteRunner.runTest(SuiteRunner.java:455)
	at org.testng.SuiteRunner.access$000(SuiteRunner.java:40)
	at org.testng.SuiteRunner$SuiteWorker.run(SuiteRunner.java:489)
	at org.testng.internal.thread.ThreadUtil$1.call(ThreadUtil.java:52)
	at java.base/java.util.concurrent.FutureTask.run(FutureTask.java:264)
	at java.base/java.util.concurrent.ThreadPoolExecutor.runWorker(ThreadPoolExecutor.java:1136)
	at java.base/java.util.concurrent.ThreadPoolExecutor$Worker.run(ThreadPoolExecutor.java:635)
	at java.base/java.lang.Thread.run(Thread.java:833)
</pre></div></td>
<td>7</td>
<td>com.maybestore.Login_demo@790da477</td></tr>
<tr>
<td title='com.maybestore.Login_demo.TC_01_EmptyEmailAndPasswordFields()'><b>TC_01_EmptyEmailAndPasswordFields</b><br>Test class: com.maybestore.Login_demo<br/>
<a href="#Output-1542848418" onClick='toggleBox("Output-1542848418", this, "Show output", "Hide output");'>Show output</a>

<a href="#Output-1542848418" onClick="toggleAllBoxes();">Show all outputs</a>
<div class='log' id="Output-1542848418">
[2024-04-25 21:25:04,750 INFO com.maybestore.Login_demo] - Step 1: Hover login span 
<br><br/>
[2024-04-25 21:25:05,993 INFO com.maybestore.Login_demo] - Step 2: Click button login 
<br><br/>
[2024-04-25 21:25:09,667 INFO com.maybestore.Login_demo] - Step 3: Open Login Page 
<br><br/>
[2024-04-25 21:25:09,668 INFO com.maybestore.Login_demo] - Step 4: Sendkey data Email Textbox 
<br><br/>
[2024-04-25 21:25:10,052 INFO com.maybestore.Login_demo] - Step 5: Sendkey data Pass 
<br><br/>
[2024-04-25 21:25:10,697 INFO com.maybestore.Login_demo] - Step 6: Click Button Login
<br><br/>
[2024-04-25 21:25:11,670 INFO com.maybestore.Login_demo] - Step 7: Click Button Login
<br><br/>
[2024-04-25 21:25:12,649 INFO com.maybestore.Login_demo] - ---------------------- PASSED -----------------------
<br><br/>
[2024-04-25 21:25:12,825 INFO com.maybestore.Login_demo] - ---------------------- FAILED -----------------------
<br><br/>
<br><a target="_blank" href="file:///D:\prject-traning\Online_Class_22\01-software\eclipse-java-2022-03-R-win32-x86_64\workspace\test-maybi-site/reportNGScreenshortRegister/TC_01_EmptyEmailAndPasswordFields_25_04_2024_09_25_12.png"><img src="file:///D:\prject-traning\Online_Class_22\01-software\eclipse-java-2022-03-R-win32-x86_64\workspace\test-maybi-site/reportNGScreenshortRegister/TC_01_EmptyEmailAndPasswordFields_25_04_2024_09_25_12.png" height='100' width='150'/> </a></br><br/>
</div>
</td>
<td><div><pre>java.lang.AssertionError: expected [Vui lòng điền vào trường này.] but found [Please fill out this field.]
	at commons.BaseTest.verifyEquals(BaseTest.java:105)
	at com.maybestore.Login_demo.TC_01_EmptyEmailAndPasswordFields(Login_demo.java:93)
	at java.base/java.util.concurrent.FutureTask.run(FutureTask.java:264)
	at java.base/java.util.concurrent.ThreadPoolExecutor.runWorker(ThreadPoolExecutor.java:1136)
	at java.base/java.util.concurrent.ThreadPoolExecutor$Worker.run(ThreadPoolExecutor.java:635)
	at java.base/java.lang.Thread.run(Thread.java:833)
... Removed 21 stack frames</pre></div><a href='#' onClick='toggleBox("stack-trace1542848418", this, "Click to show all stack frames", "Click to hide stack frames")'>Click to show all stack frames</a>
<div class='stack-trace' id='stack-trace1542848418'><pre>java.lang.AssertionError: expected [Vui lòng điền vào trường này.] but found [Please fill out this field.]
	at org.testng.Assert.fail(Assert.java:96)
	at org.testng.Assert.failNotEquals(Assert.java:776)
	at org.testng.Assert.assertEqualsImpl(Assert.java:137)
	at org.testng.Assert.assertEquals(Assert.java:118)
	at org.testng.Assert.assertEquals(Assert.java:442)
	at commons.BaseTest.verifyEquals(BaseTest.java:105)
	at com.maybestore.Login_demo.TC_01_EmptyEmailAndPasswordFields(Login_demo.java:93)
	at java.base/jdk.internal.reflect.NativeMethodAccessorImpl.invoke0(Native Method)
	at java.base/jdk.internal.reflect.NativeMethodAccessorImpl.invoke(NativeMethodAccessorImpl.java:77)
	at java.base/jdk.internal.reflect.DelegatingMethodAccessorImpl.invoke(DelegatingMethodAccessorImpl.java:43)
	at java.base/java.lang.reflect.Method.invoke(Method.java:568)
	at org.testng.internal.MethodInvocationHelper.invokeMethod(MethodInvocationHelper.java:124)
	at org.testng.internal.Invoker.invokeMethod(Invoker.java:583)
	at org.testng.internal.Invoker.invokeTestMethod(Invoker.java:719)
	at org.testng.internal.Invoker.invokeTestMethods(Invoker.java:989)
	at org.testng.internal.TestMethodWorker.invokeTestMethods(TestMethodWorker.java:125)
	at org.testng.internal.TestMethodWorker.run(TestMethodWorker.java:109)
	at org.testng.TestRunner.privateRun(TestRunner.java:648)
	at org.testng.TestRunner.run(TestRunner.java:505)
	at org.testng.SuiteRunner.runTest(SuiteRunner.java:455)
	at org.testng.SuiteRunner.access$000(SuiteRunner.java:40)
	at org.testng.SuiteRunner$SuiteWorker.run(SuiteRunner.java:489)
	at org.testng.internal.thread.ThreadUtil$1.call(ThreadUtil.java:52)
	at java.base/java.util.concurrent.FutureTask.run(FutureTask.java:264)
	at java.base/java.util.concurrent.ThreadPoolExecutor.runWorker(ThreadPoolExecutor.java:1136)
	at java.base/java.util.concurrent.ThreadPoolExecutor$Worker.run(ThreadPoolExecutor.java:635)
	at java.base/java.lang.Thread.run(Thread.java:833)
</pre></div></td>
<td>8</td>
<td>com.maybestore.Login_demo@790da477</td></tr>
<tr>
<td title='com.maybestore.Login_demo.TC_02_CorrectEmailFieldValidation()'><b>TC_02_CorrectEmailFieldValidation</b><br>Test class: com.maybestore.Login_demo<br/>
<a href="#Output-1791663640" onClick='toggleBox("Output-1791663640", this, "Show output", "Hide output");'>Show output</a>

<a href="#Output-1791663640" onClick="toggleAllBoxes();">Show all outputs</a>
<div class='log' id="Output-1791663640">
[2024-04-25 21:25:28,656 INFO com.maybestore.Login_demo] - Step 1: Hover login span 
<br><br/>
[2024-04-25 21:25:31,149 INFO com.maybestore.Login_demo] - Step 2: Click button login 
<br><br/>
[2024-04-25 21:25:35,600 INFO com.maybestore.Login_demo] - Step 3: Open Login Page 
<br><br/>
[2024-04-25 21:25:35,603 INFO com.maybestore.Login_demo] - Step 4: Sendkey data Email Textbox 
<br><br/>
[2024-04-25 21:25:37,206 INFO com.maybestore.Login_demo] - Step 5: Sendkey data Pass 
<br><br/>
[2024-04-25 21:25:38,511 INFO com.maybestore.Login_demo] - Step 6: Click Button Login
<br><br/>
[2024-04-25 21:25:39,422 INFO com.maybestore.Login_demo] - ---------------------- PASSED -----------------------
<br><br/>
[2024-04-25 21:25:39,438 INFO com.maybestore.Login_demo] - ---------------------- FAILED -----------------------
<br><br/>
<br><a target="_blank" href="file:///D:\prject-traning\Online_Class_22\01-software\eclipse-java-2022-03-R-win32-x86_64\workspace\test-maybi-site/reportNGScreenshortRegister/TC_02_CorrectEmailFieldValidation_25_04_2024_09_25_39.png"><img src="file:///D:\prject-traning\Online_Class_22\01-software\eclipse-java-2022-03-R-win32-x86_64\workspace\test-maybi-site/reportNGScreenshortRegister/TC_02_CorrectEmailFieldValidation_25_04_2024_09_25_39.png" height='100' width='150'/> </a></br><br/>
</div>
</td>
<td><div><pre>java.lang.AssertionError: expected [Vui lòng điền vào trường này.] but found [Please fill out this field.]
	at commons.BaseTest.verifyEquals(BaseTest.java:105)
	at com.maybestore.Login_demo.TC_02_CorrectEmailFieldValidation(Login_demo.java:120)
	at java.base/java.util.concurrent.FutureTask.run(FutureTask.java:264)
	at java.base/java.util.concurrent.ThreadPoolExecutor.runWorker(ThreadPoolExecutor.java:1136)
	at java.base/java.util.concurrent.ThreadPoolExecutor$Worker.run(ThreadPoolExecutor.java:635)
	at java.base/java.lang.Thread.run(Thread.java:833)
... Removed 21 stack frames</pre></div><a href='#' onClick='toggleBox("stack-trace1791663640", this, "Click to show all stack frames", "Click to hide stack frames")'>Click to show all stack frames</a>
<div class='stack-trace' id='stack-trace1791663640'><pre>java.lang.AssertionError: expected [Vui lòng điền vào trường này.] but found [Please fill out this field.]
	at org.testng.Assert.fail(Assert.java:96)
	at org.testng.Assert.failNotEquals(Assert.java:776)
	at org.testng.Assert.assertEqualsImpl(Assert.java:137)
	at org.testng.Assert.assertEquals(Assert.java:118)
	at org.testng.Assert.assertEquals(Assert.java:442)
	at commons.BaseTest.verifyEquals(BaseTest.java:105)
	at com.maybestore.Login_demo.TC_02_CorrectEmailFieldValidation(Login_demo.java:120)
	at java.base/jdk.internal.reflect.NativeMethodAccessorImpl.invoke0(Native Method)
	at java.base/jdk.internal.reflect.NativeMethodAccessorImpl.invoke(NativeMethodAccessorImpl.java:77)
	at java.base/jdk.internal.reflect.DelegatingMethodAccessorImpl.invoke(DelegatingMethodAccessorImpl.java:43)
	at java.base/java.lang.reflect.Method.invoke(Method.java:568)
	at org.testng.internal.MethodInvocationHelper.invokeMethod(MethodInvocationHelper.java:124)
	at org.testng.internal.Invoker.invokeMethod(Invoker.java:583)
	at org.testng.internal.Invoker.invokeTestMethod(Invoker.java:719)
	at org.testng.internal.Invoker.invokeTestMethods(Invoker.java:989)
	at org.testng.internal.TestMethodWorker.invokeTestMethods(TestMethodWorker.java:125)
	at org.testng.internal.TestMethodWorker.run(TestMethodWorker.java:109)
	at org.testng.TestRunner.privateRun(TestRunner.java:648)
	at org.testng.TestRunner.run(TestRunner.java:505)
	at org.testng.SuiteRunner.runTest(SuiteRunner.java:455)
	at org.testng.SuiteRunner.access$000(SuiteRunner.java:40)
	at org.testng.SuiteRunner$SuiteWorker.run(SuiteRunner.java:489)
	at org.testng.internal.thread.ThreadUtil$1.call(ThreadUtil.java:52)
	at java.base/java.util.concurrent.FutureTask.run(FutureTask.java:264)
	at java.base/java.util.concurrent.ThreadPoolExecutor.runWorker(ThreadPoolExecutor.java:1136)
	at java.base/java.util.concurrent.ThreadPoolExecutor$Worker.run(ThreadPoolExecutor.java:635)
	at java.base/java.lang.Thread.run(Thread.java:833)
</pre></div></td>
<td>10</td>
<td>com.maybestore.Login_demo@790da477</td></tr>
<tr>
<td title='com.maybestore.Login_demo.TC_03_CorrectPassFieldValidation()'><b>TC_03_CorrectPassFieldValidation</b><br>Test class: com.maybestore.Login_demo<br/>
<a href="#Output-13760546" onClick='toggleBox("Output-13760546", this, "Show output", "Hide output");'>Show output</a>

<a href="#Output-13760546" onClick="toggleAllBoxes();">Show all outputs</a>
<div class='log' id="Output-13760546">
[2024-04-25 21:25:54,713 INFO com.maybestore.Login_demo] - Step 1: Hover login span 
<br><br/>
[2024-04-25 21:25:57,988 INFO com.maybestore.Login_demo] - Step 2: Click button login 
<br><br/>
[2024-04-25 21:26:04,905 INFO com.maybestore.Login_demo] - Step 3: Open Login Page 
<br><br/>
[2024-04-25 21:26:04,906 INFO com.maybestore.Login_demo] - Step 4: Sendkey data Email Textbox 
<br><br/>
[2024-04-25 21:26:06,248 INFO com.maybestore.Login_demo] - Step 5: Sendkey data Pass 
<br><br/>
[2024-04-25 21:26:09,346 INFO com.maybestore.Login_demo] - Step 6: Click Button Login
<br><br/>
[2024-04-25 21:26:11,901 INFO com.maybestore.Login_demo] - ---------------------- PASSED -----------------------
<br><br/>
[2024-04-25 21:26:11,922 INFO com.maybestore.Login_demo] - ---------------------- FAILED -----------------------
<br><br/>
<br><a target="_blank" href="file:///D:\prject-traning\Online_Class_22\01-software\eclipse-java-2022-03-R-win32-x86_64\workspace\test-maybi-site/reportNGScreenshortRegister/TC_03_CorrectPassFieldValidation_25_04_2024_09_26_11.png"><img src="file:///D:\prject-traning\Online_Class_22\01-software\eclipse-java-2022-03-R-win32-x86_64\workspace\test-maybi-site/reportNGScreenshortRegister/TC_03_CorrectPassFieldValidation_25_04_2024_09_26_11.png" height='100' width='150'/> </a></br><br/>
</div>
</td>
<td><div><pre>java.lang.AssertionError: expected [Vui lòng điền vào trường này.] but found [Please fill out this field.]
	at commons.BaseTest.verifyEquals(BaseTest.java:105)
	at com.maybestore.Login_demo.TC_03_CorrectPassFieldValidation(Login_demo.java:147)
	at java.base/java.util.concurrent.FutureTask.run(FutureTask.java:264)
	at java.base/java.util.concurrent.ThreadPoolExecutor.runWorker(ThreadPoolExecutor.java:1136)
	at java.base/java.util.concurrent.ThreadPoolExecutor$Worker.run(ThreadPoolExecutor.java:635)
	at java.base/java.lang.Thread.run(Thread.java:833)
... Removed 21 stack frames</pre></div><a href='#' onClick='toggleBox("stack-trace13760546", this, "Click to show all stack frames", "Click to hide stack frames")'>Click to show all stack frames</a>
<div class='stack-trace' id='stack-trace13760546'><pre>java.lang.AssertionError: expected [Vui lòng điền vào trường này.] but found [Please fill out this field.]
	at org.testng.Assert.fail(Assert.java:96)
	at org.testng.Assert.failNotEquals(Assert.java:776)
	at org.testng.Assert.assertEqualsImpl(Assert.java:137)
	at org.testng.Assert.assertEquals(Assert.java:118)
	at org.testng.Assert.assertEquals(Assert.java:442)
	at commons.BaseTest.verifyEquals(BaseTest.java:105)
	at com.maybestore.Login_demo.TC_03_CorrectPassFieldValidation(Login_demo.java:147)
	at java.base/jdk.internal.reflect.NativeMethodAccessorImpl.invoke0(Native Method)
	at java.base/jdk.internal.reflect.NativeMethodAccessorImpl.invoke(NativeMethodAccessorImpl.java:77)
	at java.base/jdk.internal.reflect.DelegatingMethodAccessorImpl.invoke(DelegatingMethodAccessorImpl.java:43)
	at java.base/java.lang.reflect.Method.invoke(Method.java:568)
	at org.testng.internal.MethodInvocationHelper.invokeMethod(MethodInvocationHelper.java:124)
	at org.testng.internal.Invoker.invokeMethod(Invoker.java:583)
	at org.testng.internal.Invoker.invokeTestMethod(Invoker.java:719)
	at org.testng.internal.Invoker.invokeTestMethods(Invoker.java:989)
	at org.testng.internal.TestMethodWorker.invokeTestMethods(TestMethodWorker.java:125)
	at org.testng.internal.TestMethodWorker.run(TestMethodWorker.java:109)
	at org.testng.TestRunner.privateRun(TestRunner.java:648)
	at org.testng.TestRunner.run(TestRunner.java:505)
	at org.testng.SuiteRunner.runTest(SuiteRunner.java:455)
	at org.testng.SuiteRunner.access$000(SuiteRunner.java:40)
	at org.testng.SuiteRunner$SuiteWorker.run(SuiteRunner.java:489)
	at org.testng.internal.thread.ThreadUtil$1.call(ThreadUtil.java:52)
	at java.base/java.util.concurrent.FutureTask.run(FutureTask.java:264)
	at java.base/java.util.concurrent.ThreadPoolExecutor.runWorker(ThreadPoolExecutor.java:1136)
	at java.base/java.util.concurrent.ThreadPoolExecutor$Worker.run(ThreadPoolExecutor.java:635)
	at java.base/java.lang.Thread.run(Thread.java:833)
</pre></div></td>
<td>17</td>
<td>com.maybestore.Login_demo@790da477</td></tr>
<tr>
<td title='com.maybestore.Login_demo.TC_05_InCorrectEmailAndCorrectPass()'><b>TC_05_InCorrectEmailAndCorrectPass</b><br>Test class: com.maybestore.Login_demo<br/>
<a href="#Output-1103280153" onClick='toggleBox("Output-1103280153", this, "Show output", "Hide output");'>Show output</a>

<a href="#Output-1103280153" onClick="toggleAllBoxes();">Show all outputs</a>
<div class='log' id="Output-1103280153">
[2024-04-25 21:26:59,737 INFO com.maybestore.Login_demo] - Step 1: Hover login span 
<br><br/>
[2024-04-25 21:27:00,178 INFO com.maybestore.Login_demo] - Step 2: Click button login 
<br><br/>
<br><a target="_blank" href="file:///D:\prject-traning\Online_Class_22\01-software\eclipse-java-2022-03-R-win32-x86_64\workspace\test-maybi-site/reportNGScreenshortRegister/TC_05_InCorrectEmailAndCorrectPass_25_04_2024_09_27_01.png"><img src="file:///D:\prject-traning\Online_Class_22\01-software\eclipse-java-2022-03-R-win32-x86_64\workspace\test-maybi-site/reportNGScreenshortRegister/TC_05_InCorrectEmailAndCorrectPass_25_04_2024_09_27_01.png" height='100' width='150'/> </a></br><br/>
</div>
</td>
<td><div><pre>org.openqa.selenium.ElementNotInteractableException: Element &lt;a href=&quot;/account/login&quot;&gt; could not be scrolled into view
Build info: version: &apos;4.14.1&apos;, revision: &apos;03f8ede370&apos;
System info: os.name: &apos;Windows 11&apos;, os.arch: &apos;amd64&apos;, os.version: &apos;10.0&apos;, java.version: &apos;17.0.2&apos;
Driver info: org.openqa.selenium.firefox.FirefoxDriver
Command: [b988a933-e639-44bd-b034-cf417a334c4e, clickElement {id=979225c5-46ab-4dcf-9dce-6d26f7c4c4da}]
Capabilities {acceptInsecureCerts: true, browserName: firefox, browserVersion: 119.0, moz:accessibilityChecks: false, moz:buildID: 20231019122658, moz:debuggerAddress: 127.0.0.1:30374, moz:geckodriverVersion: 0.34.0, moz:headless: false, moz:platformVersion: 10.0, moz:processID: 20436, moz:profile: C:\Users\MAIDUO~1\AppData\L..., moz:shutdownTimeout: 60000, moz:webdriverClick: true, moz:windowless: false, pageLoadStrategy: normal, platformName: windows, proxy: Proxy(), se:cdp: ws://127.0.0.1:30374/devtoo..., se:cdpVersion: 85.0, setWindowRect: true, strictFileInteractability: false, timeouts: {implicit: 0, pageLoad: 300000, script: 30000}, unhandledPromptBehavior: dismiss and notify}
Element: [[FirefoxDriver: firefox on windows (b988a933-e639-44bd-b034-cf417a334c4e)] -&gt; xpath: (//a[@title=&apos;Đăng nhập&apos;])[1]]
Session ID: b988a933-e639-44bd-b034-cf417a334c4e
	at org.openqa.selenium.remote.codec.w3c.W3CHttpResponseCodec.createException(W3CHttpResponseCodec.java:200)
	at org.openqa.selenium.remote.codec.w3c.W3CHttpResponseCodec.decode(W3CHttpResponseCodec.java:133)
	at org.openqa.selenium.remote.codec.w3c.W3CHttpResponseCodec.decode(W3CHttpResponseCodec.java:52)
	at org.openqa.selenium.remote.HttpCommandExecutor.execute(HttpCommandExecutor.java:191)
	at org.openqa.selenium.remote.service.DriverCommandExecutor.invokeExecute(DriverCommandExecutor.java:200)
	at org.openqa.selenium.remote.service.DriverCommandExecutor.execute(DriverCommandExecutor.java:175)
	at org.openqa.selenium.remote.RemoteWebDriver.execute(RemoteWebDriver.java:602)
	at org.openqa.selenium.remote.RemoteWebElement.execute(RemoteWebElement.java:224)
	at org.openqa.selenium.remote.RemoteWebElement.click(RemoteWebElement.java:77)
	at commons.BasePage.clickToElement(BasePage.java:169)
	at pageObjects.maybistore.HomeObject.clickToLoginLink(HomeObject.java:28)
	at com.maybestore.Login_demo.TC_05_InCorrectEmailAndCorrectPass(Login_demo.java:180)
	at java.base/java.util.concurrent.FutureTask.run(FutureTask.java:264)
	at java.base/java.util.concurrent.ThreadPoolExecutor.runWorker(ThreadPoolExecutor.java:1136)
	at java.base/java.util.concurrent.ThreadPoolExecutor$Worker.run(ThreadPoolExecutor.java:635)
	at java.base/java.lang.Thread.run(Thread.java:833)
... Removed 21 stack frames</pre></div><a href='#' onClick='toggleBox("stack-trace1103280153", this, "Click to show all stack frames", "Click to hide stack frames")'>Click to show all stack frames</a>
<div class='stack-trace' id='stack-trace1103280153'><pre>org.openqa.selenium.ElementNotInteractableException: Element &lt;a href=&quot;/account/login&quot;&gt; could not be scrolled into view
Build info: version: &apos;4.14.1&apos;, revision: &apos;03f8ede370&apos;
System info: os.name: &apos;Windows 11&apos;, os.arch: &apos;amd64&apos;, os.version: &apos;10.0&apos;, java.version: &apos;17.0.2&apos;
Driver info: org.openqa.selenium.firefox.FirefoxDriver
Command: [b988a933-e639-44bd-b034-cf417a334c4e, clickElement {id=979225c5-46ab-4dcf-9dce-6d26f7c4c4da}]
Capabilities {acceptInsecureCerts: true, browserName: firefox, browserVersion: 119.0, moz:accessibilityChecks: false, moz:buildID: 20231019122658, moz:debuggerAddress: 127.0.0.1:30374, moz:geckodriverVersion: 0.34.0, moz:headless: false, moz:platformVersion: 10.0, moz:processID: 20436, moz:profile: C:\Users\MAIDUO~1\AppData\L..., moz:shutdownTimeout: 60000, moz:webdriverClick: true, moz:windowless: false, pageLoadStrategy: normal, platformName: windows, proxy: Proxy(), se:cdp: ws://127.0.0.1:30374/devtoo..., se:cdpVersion: 85.0, setWindowRect: true, strictFileInteractability: false, timeouts: {implicit: 0, pageLoad: 300000, script: 30000}, unhandledPromptBehavior: dismiss and notify}
Element: [[FirefoxDriver: firefox on windows (b988a933-e639-44bd-b034-cf417a334c4e)] -&gt; xpath: (//a[@title=&apos;Đăng nhập&apos;])[1]]
Session ID: b988a933-e639-44bd-b034-cf417a334c4e
	at java.base/jdk.internal.reflect.NativeConstructorAccessorImpl.newInstance0(Native Method)
	at java.base/jdk.internal.reflect.NativeConstructorAccessorImpl.newInstance(NativeConstructorAccessorImpl.java:77)
	at java.base/jdk.internal.reflect.DelegatingConstructorAccessorImpl.newInstance(DelegatingConstructorAccessorImpl.java:45)
	at java.base/java.lang.reflect.Constructor.newInstanceWithCaller(Constructor.java:499)
	at java.base/java.lang.reflect.Constructor.newInstance(Constructor.java:480)
	at org.openqa.selenium.remote.codec.w3c.W3CHttpResponseCodec.createException(W3CHttpResponseCodec.java:200)
	at org.openqa.selenium.remote.codec.w3c.W3CHttpResponseCodec.decode(W3CHttpResponseCodec.java:133)
	at org.openqa.selenium.remote.codec.w3c.W3CHttpResponseCodec.decode(W3CHttpResponseCodec.java:52)
	at org.openqa.selenium.remote.HttpCommandExecutor.execute(HttpCommandExecutor.java:191)
	at org.openqa.selenium.remote.service.DriverCommandExecutor.invokeExecute(DriverCommandExecutor.java:200)
	at org.openqa.selenium.remote.service.DriverCommandExecutor.execute(DriverCommandExecutor.java:175)
	at org.openqa.selenium.remote.RemoteWebDriver.execute(RemoteWebDriver.java:602)
	at org.openqa.selenium.remote.RemoteWebElement.execute(RemoteWebElement.java:224)
	at org.openqa.selenium.remote.RemoteWebElement.click(RemoteWebElement.java:77)
	at commons.BasePage.clickToElement(BasePage.java:169)
	at pageObjects.maybistore.HomeObject.clickToLoginLink(HomeObject.java:28)
	at com.maybestore.Login_demo.TC_05_InCorrectEmailAndCorrectPass(Login_demo.java:180)
	at java.base/jdk.internal.reflect.NativeMethodAccessorImpl.invoke0(Native Method)
	at java.base/jdk.internal.reflect.NativeMethodAccessorImpl.invoke(NativeMethodAccessorImpl.java:77)
	at java.base/jdk.internal.reflect.DelegatingMethodAccessorImpl.invoke(DelegatingMethodAccessorImpl.java:43)
	at java.base/java.lang.reflect.Method.invoke(Method.java:568)
	at org.testng.internal.MethodInvocationHelper.invokeMethod(MethodInvocationHelper.java:124)
	at org.testng.internal.Invoker.invokeMethod(Invoker.java:583)
	at org.testng.internal.Invoker.invokeTestMethod(Invoker.java:719)
	at org.testng.internal.Invoker.invokeTestMethods(Invoker.java:989)
	at org.testng.internal.TestMethodWorker.invokeTestMethods(TestMethodWorker.java:125)
	at org.testng.internal.TestMethodWorker.run(TestMethodWorker.java:109)
	at org.testng.TestRunner.privateRun(TestRunner.java:648)
	at org.testng.TestRunner.run(TestRunner.java:505)
	at org.testng.SuiteRunner.runTest(SuiteRunner.java:455)
	at org.testng.SuiteRunner.access$000(SuiteRunner.java:40)
	at org.testng.SuiteRunner$SuiteWorker.run(SuiteRunner.java:489)
	at org.testng.internal.thread.ThreadUtil$1.call(ThreadUtil.java:52)
	at java.base/java.util.concurrent.FutureTask.run(FutureTask.java:264)
	at java.base/java.util.concurrent.ThreadPoolExecutor.runWorker(ThreadPoolExecutor.java:1136)
	at java.base/java.util.concurrent.ThreadPoolExecutor$Worker.run(ThreadPoolExecutor.java:635)
	at java.base/java.lang.Thread.run(Thread.java:833)
</pre></div></td>
<td>1</td>
<td>com.maybestore.Login_demo@790da477</td></tr>
<tr>
<td title='com.maybestore.Login_demo.TC_06_InvalidEmailFormat()'><b>TC_06_InvalidEmailFormat</b><br>Test class: com.maybestore.Login_demo<br/>
<a href="#Output-725136885" onClick='toggleBox("Output-725136885", this, "Show output", "Hide output");'>Show output</a>

<a href="#Output-725136885" onClick="toggleAllBoxes();">Show all outputs</a>
<div class='log' id="Output-725136885">
[2024-04-25 21:27:13,429 INFO com.maybestore.Login_demo] - Step 1: Hover login span 
<br><br/>
[2024-04-25 21:27:14,607 INFO com.maybestore.Login_demo] - Step 2: Click button login 
<br><br/>
[2024-04-25 21:27:17,293 INFO com.maybestore.Login_demo] - Step 3: Open Login Page 
<br><br/>
[2024-04-25 21:27:17,293 INFO com.maybestore.Login_demo] - Step 4: Sendkey data Email Textbox 
<br><br/>
[2024-04-25 21:27:19,339 INFO com.maybestore.Login_demo] - Step 5: Sendkey data Pass 
<br><br/>
[2024-04-25 21:27:19,918 INFO com.maybestore.Login_demo] - Step 6: Click Button Login
<br><br/>
[2024-04-25 21:27:22,533 INFO com.maybestore.Login_demo] - ---------------------- PASSED -----------------------
<br><br/>
[2024-04-25 21:27:22,541 INFO com.maybestore.Login_demo] - Step 7 :Vui lòng điền một địa chỉ email.
<br><br/>
[2024-04-25 21:27:23,552 INFO com.maybestore.Login_demo] - ---------------------- FAILED -----------------------
<br><br/>
<br><a target="_blank" href="file:///D:\prject-traning\Online_Class_22\01-software\eclipse-java-2022-03-R-win32-x86_64\workspace\test-maybi-site/reportNGScreenshortRegister/TC_06_InvalidEmailFormat_25_04_2024_09_27_23.png"><img src="file:///D:\prject-traning\Online_Class_22\01-software\eclipse-java-2022-03-R-win32-x86_64\workspace\test-maybi-site/reportNGScreenshortRegister/TC_06_InvalidEmailFormat_25_04_2024_09_27_23.png" height='100' width='150'/> </a></br><br/>
</div>
</td>
<td><div><pre>java.lang.AssertionError: expected [Vui lòng điền một địa chỉ email.] but found [Please include an &apos;@&apos; in the email address. &apos;duongmai&apos; is missing an &apos;@&apos;.]
	at commons.BaseTest.verifyEquals(BaseTest.java:105)
	at com.maybestore.Login_demo.TC_06_InvalidEmailFormat(Login_demo.java:230)
	at java.base/java.util.concurrent.FutureTask.run(FutureTask.java:264)
	at java.base/java.util.concurrent.ThreadPoolExecutor.runWorker(ThreadPoolExecutor.java:1136)
	at java.base/java.util.concurrent.ThreadPoolExecutor$Worker.run(ThreadPoolExecutor.java:635)
	at java.base/java.lang.Thread.run(Thread.java:833)
... Removed 21 stack frames</pre></div><a href='#' onClick='toggleBox("stack-trace725136885", this, "Click to show all stack frames", "Click to hide stack frames")'>Click to show all stack frames</a>
<div class='stack-trace' id='stack-trace725136885'><pre>java.lang.AssertionError: expected [Vui lòng điền một địa chỉ email.] but found [Please include an &apos;@&apos; in the email address. &apos;duongmai&apos; is missing an &apos;@&apos;.]
	at org.testng.Assert.fail(Assert.java:96)
	at org.testng.Assert.failNotEquals(Assert.java:776)
	at org.testng.Assert.assertEqualsImpl(Assert.java:137)
	at org.testng.Assert.assertEquals(Assert.java:118)
	at org.testng.Assert.assertEquals(Assert.java:442)
	at commons.BaseTest.verifyEquals(BaseTest.java:105)
	at com.maybestore.Login_demo.TC_06_InvalidEmailFormat(Login_demo.java:230)
	at java.base/jdk.internal.reflect.NativeMethodAccessorImpl.invoke0(Native Method)
	at java.base/jdk.internal.reflect.NativeMethodAccessorImpl.invoke(NativeMethodAccessorImpl.java:77)
	at java.base/jdk.internal.reflect.DelegatingMethodAccessorImpl.invoke(DelegatingMethodAccessorImpl.java:43)
	at java.base/java.lang.reflect.Method.invoke(Method.java:568)
	at org.testng.internal.MethodInvocationHelper.invokeMethod(MethodInvocationHelper.java:124)
	at org.testng.internal.Invoker.invokeMethod(Invoker.java:583)
	at org.testng.internal.Invoker.invokeTestMethod(Invoker.java:719)
	at org.testng.internal.Invoker.invokeTestMethods(Invoker.java:989)
	at org.testng.internal.TestMethodWorker.invokeTestMethods(TestMethodWorker.java:125)
	at org.testng.internal.TestMethodWorker.run(TestMethodWorker.java:109)
	at org.testng.TestRunner.privateRun(TestRunner.java:648)
	at org.testng.TestRunner.run(TestRunner.java:505)
	at org.testng.SuiteRunner.runTest(SuiteRunner.java:455)
	at org.testng.SuiteRunner.access$000(SuiteRunner.java:40)
	at org.testng.SuiteRunner$SuiteWorker.run(SuiteRunner.java:489)
	at org.testng.internal.thread.ThreadUtil$1.call(ThreadUtil.java:52)
	at java.base/java.util.concurrent.FutureTask.run(FutureTask.java:264)
	at java.base/java.util.concurrent.ThreadPoolExecutor.runWorker(ThreadPoolExecutor.java:1136)
	at java.base/java.util.concurrent.ThreadPoolExecutor$Worker.run(ThreadPoolExecutor.java:635)
	at java.base/java.lang.Thread.run(Thread.java:833)
</pre></div></td>
<td>10</td>
<td>com.maybestore.Login_demo@790da477</td></tr>
<tr>
<td title='com.maybestore.Login_demo.TC_07_MissingDomainAfterAtSignInEmail()'><b>TC_07_MissingDomainAfterAtSignInEmail</b><br>Test class: com.maybestore.Login_demo<br/>
<a href="#Output-2065872227" onClick='toggleBox("Output-2065872227", this, "Show output", "Hide output");'>Show output</a>

<a href="#Output-2065872227" onClick="toggleAllBoxes();">Show all outputs</a>
<div class='log' id="Output-2065872227">
[2024-04-25 21:27:35,515 INFO com.maybestore.Login_demo] - Step 1: Hover login span 
<br><br/>
[2024-04-25 21:27:38,601 INFO com.maybestore.Login_demo] - Step 2: Click button login 
<br><br/>
[2024-04-25 21:27:41,448 INFO com.maybestore.Login_demo] - Step 3: Open Login Page 
<br><br/>
[2024-04-25 21:27:41,448 INFO com.maybestore.Login_demo] - Step 4: Sendkey data Email Textbox 
<br><br/>
[2024-04-25 21:27:41,761 INFO com.maybestore.Login_demo] - Step 5: Sendkey data Pass 
<br><br/>
[2024-04-25 21:27:42,129 INFO com.maybestore.Login_demo] - Step 6: Click Button Login
<br><br/>
[2024-04-25 21:27:42,580 INFO com.maybestore.Login_demo] - ---------------------- PASSED -----------------------
<br><br/>
[2024-04-25 21:27:42,591 INFO com.maybestore.Login_demo] - Step 7 :Vui lòng điền một địa chỉ email.
<br><br/>
[2024-04-25 21:27:42,591 INFO com.maybestore.Login_demo] - ---------------------- FAILED -----------------------
<br><br/>
<br><a target="_blank" href="file:///D:\prject-traning\Online_Class_22\01-software\eclipse-java-2022-03-R-win32-x86_64\workspace\test-maybi-site/reportNGScreenshortRegister/TC_07_MissingDomainAfterAtSignInEmail_25_04_2024_09_27_42.png"><img src="file:///D:\prject-traning\Online_Class_22\01-software\eclipse-java-2022-03-R-win32-x86_64\workspace\test-maybi-site/reportNGScreenshortRegister/TC_07_MissingDomainAfterAtSignInEmail_25_04_2024_09_27_42.png" height='100' width='150'/> </a></br><br/>
</div>
</td>
<td><div><pre>java.lang.AssertionError: expected [Vui lòng điền một địa chỉ email.] but found [Please enter a part following &apos;@&apos;. &apos;maiduong060801@&apos; is incomplete.]
	at commons.BaseTest.verifyEquals(BaseTest.java:105)
	at com.maybestore.Login_demo.TC_07_MissingDomainAfterAtSignInEmail(Login_demo.java:259)
	at java.base/java.util.concurrent.FutureTask.run(FutureTask.java:264)
	at java.base/java.util.concurrent.ThreadPoolExecutor.runWorker(ThreadPoolExecutor.java:1136)
	at java.base/java.util.concurrent.ThreadPoolExecutor$Worker.run(ThreadPoolExecutor.java:635)
	at java.base/java.lang.Thread.run(Thread.java:833)
... Removed 21 stack frames</pre></div><a href='#' onClick='toggleBox("stack-trace2065872227", this, "Click to show all stack frames", "Click to hide stack frames")'>Click to show all stack frames</a>
<div class='stack-trace' id='stack-trace2065872227'><pre>java.lang.AssertionError: expected [Vui lòng điền một địa chỉ email.] but found [Please enter a part following &apos;@&apos;. &apos;maiduong060801@&apos; is incomplete.]
	at org.testng.Assert.fail(Assert.java:96)
	at org.testng.Assert.failNotEquals(Assert.java:776)
	at org.testng.Assert.assertEqualsImpl(Assert.java:137)
	at org.testng.Assert.assertEquals(Assert.java:118)
	at org.testng.Assert.assertEquals(Assert.java:442)
	at commons.BaseTest.verifyEquals(BaseTest.java:105)
	at com.maybestore.Login_demo.TC_07_MissingDomainAfterAtSignInEmail(Login_demo.java:259)
	at java.base/jdk.internal.reflect.NativeMethodAccessorImpl.invoke0(Native Method)
	at java.base/jdk.internal.reflect.NativeMethodAccessorImpl.invoke(NativeMethodAccessorImpl.java:77)
	at java.base/jdk.internal.reflect.DelegatingMethodAccessorImpl.invoke(DelegatingMethodAccessorImpl.java:43)
	at java.base/java.lang.reflect.Method.invoke(Method.java:568)
	at org.testng.internal.MethodInvocationHelper.invokeMethod(MethodInvocationHelper.java:124)
	at org.testng.internal.Invoker.invokeMethod(Invoker.java:583)
	at org.testng.internal.Invoker.invokeTestMethod(Invoker.java:719)
	at org.testng.internal.Invoker.invokeTestMethods(Invoker.java:989)
	at org.testng.internal.TestMethodWorker.invokeTestMethods(TestMethodWorker.java:125)
	at org.testng.internal.TestMethodWorker.run(TestMethodWorker.java:109)
	at org.testng.TestRunner.privateRun(TestRunner.java:648)
	at org.testng.TestRunner.run(TestRunner.java:505)
	at org.testng.SuiteRunner.runTest(SuiteRunner.java:455)
	at org.testng.SuiteRunner.access$000(SuiteRunner.java:40)
	at org.testng.SuiteRunner$SuiteWorker.run(SuiteRunner.java:489)
	at org.testng.internal.thread.ThreadUtil$1.call(ThreadUtil.java:52)
	at java.base/java.util.concurrent.FutureTask.run(FutureTask.java:264)
	at java.base/java.util.concurrent.ThreadPoolExecutor.runWorker(ThreadPoolExecutor.java:1136)
	at java.base/java.util.concurrent.ThreadPoolExecutor$Worker.run(ThreadPoolExecutor.java:635)
	at java.base/java.lang.Thread.run(Thread.java:833)
</pre></div></td>
<td>7</td>
<td>com.maybestore.Login_demo@790da477</td></tr>
<tr>
<td title='com.maybestore.Login_demo.TC_08_IncorrectDomainAfterAtSignInEmail()'><b>TC_08_IncorrectDomainAfterAtSignInEmail</b><br>Test class: com.maybestore.Login_demo<br/>
<a href="#Output-100604730" onClick='toggleBox("Output-100604730", this, "Show output", "Hide output");'>Show output</a>

<a href="#Output-100604730" onClick="toggleAllBoxes();">Show all outputs</a>
<div class='log' id="Output-100604730">
[2024-04-25 21:27:51,580 INFO com.maybestore.Login_demo] - Step 1: Hover login span 
<br><br/>
[2024-04-25 21:27:52,054 INFO com.maybestore.Login_demo] - Step 2: Click button login 
<br><br/>
[2024-04-25 21:27:55,583 INFO com.maybestore.Login_demo] - Step 3: Open Login Page 
<br><br/>
[2024-04-25 21:27:55,583 INFO com.maybestore.Login_demo] - Step 4: Sendkey data Email Textbox 
<br><br/>
[2024-04-25 21:27:56,067 INFO com.maybestore.Login_demo] - Step 5: Sendkey data Pass 
<br><br/>
[2024-04-25 21:27:56,580 INFO com.maybestore.Login_demo] - Step 6: Click Button Login
<br><br/>
[2024-04-25 21:27:59,512 INFO com.maybestore.Login_demo] - ---------------------- PASSED -----------------------
<br><br/>
[2024-04-25 21:27:59,527 INFO com.maybestore.Login_demo] - Step 7: Verify
<br><br/>
[2024-04-25 21:27:59,528 INFO com.maybestore.Login_demo] - Step 7 :Vui lòng điền vào trường này.
<br><br/>
[2024-04-25 21:27:59,826 INFO com.maybestore.Login_demo] - ---------------------- PASSED -----------------------
<br><br/>
[2024-04-25 21:28:02,881 INFO com.maybestore.Login_demo] - ---------------------- FAILED -----------------------
<br><br/>
<br><a target="_blank" href="file:///D:\prject-traning\Online_Class_22\01-software\eclipse-java-2022-03-R-win32-x86_64\workspace\test-maybi-site/reportNGScreenshortRegister/TC_08_IncorrectDomainAfterAtSignInEmail_25_04_2024_09_28_02.png"><img src="file:///D:\prject-traning\Online_Class_22\01-software\eclipse-java-2022-03-R-win32-x86_64\workspace\test-maybi-site/reportNGScreenshortRegister/TC_08_IncorrectDomainAfterAtSignInEmail_25_04_2024_09_28_02.png" height='100' width='150'/> </a></br><br/>
</div>
</td>
<td><div><pre>java.lang.AssertionError: expected [Thông tin đăng nhập không hợp lệ.] but found [Số điện thoại không hợp lệ.]
	at commons.BaseTest.verifyEquals(BaseTest.java:105)
	at com.maybestore.Login_demo.TC_08_IncorrectDomainAfterAtSignInEmail(Login_demo.java:291)
	at java.base/java.util.concurrent.FutureTask.run(FutureTask.java:264)
	at java.base/java.util.concurrent.ThreadPoolExecutor.runWorker(ThreadPoolExecutor.java:1136)
	at java.base/java.util.concurrent.ThreadPoolExecutor$Worker.run(ThreadPoolExecutor.java:635)
	at java.base/java.lang.Thread.run(Thread.java:833)
... Removed 21 stack frames</pre></div><a href='#' onClick='toggleBox("stack-trace100604730", this, "Click to show all stack frames", "Click to hide stack frames")'>Click to show all stack frames</a>
<div class='stack-trace' id='stack-trace100604730'><pre>java.lang.AssertionError: expected [Thông tin đăng nhập không hợp lệ.] but found [Số điện thoại không hợp lệ.]
	at org.testng.Assert.fail(Assert.java:96)
	at org.testng.Assert.failNotEquals(Assert.java:776)
	at org.testng.Assert.assertEqualsImpl(Assert.java:137)
	at org.testng.Assert.assertEquals(Assert.java:118)
	at org.testng.Assert.assertEquals(Assert.java:442)
	at commons.BaseTest.verifyEquals(BaseTest.java:105)
	at com.maybestore.Login_demo.TC_08_IncorrectDomainAfterAtSignInEmail(Login_demo.java:291)
	at java.base/jdk.internal.reflect.NativeMethodAccessorImpl.invoke0(Native Method)
	at java.base/jdk.internal.reflect.NativeMethodAccessorImpl.invoke(NativeMethodAccessorImpl.java:77)
	at java.base/jdk.internal.reflect.DelegatingMethodAccessorImpl.invoke(DelegatingMethodAccessorImpl.java:43)
	at java.base/java.lang.reflect.Method.invoke(Method.java:568)
	at org.testng.internal.MethodInvocationHelper.invokeMethod(MethodInvocationHelper.java:124)
	at org.testng.internal.Invoker.invokeMethod(Invoker.java:583)
	at org.testng.internal.Invoker.invokeTestMethod(Invoker.java:719)
	at org.testng.internal.Invoker.invokeTestMethods(Invoker.java:989)
	at org.testng.internal.TestMethodWorker.invokeTestMethods(TestMethodWorker.java:125)
	at org.testng.internal.TestMethodWorker.run(TestMethodWorker.java:109)
	at org.testng.TestRunner.privateRun(TestRunner.java:648)
	at org.testng.TestRunner.run(TestRunner.java:505)
	at org.testng.SuiteRunner.runTest(SuiteRunner.java:455)
	at org.testng.SuiteRunner.access$000(SuiteRunner.java:40)
	at org.testng.SuiteRunner$SuiteWorker.run(SuiteRunner.java:489)
	at org.testng.internal.thread.ThreadUtil$1.call(ThreadUtil.java:52)
	at java.base/java.util.concurrent.FutureTask.run(FutureTask.java:264)
	at java.base/java.util.concurrent.ThreadPoolExecutor.runWorker(ThreadPoolExecutor.java:1136)
	at java.base/java.util.concurrent.ThreadPoolExecutor$Worker.run(ThreadPoolExecutor.java:635)
	at java.base/java.lang.Thread.run(Thread.java:833)
</pre></div></td>
<td>11</td>
<td>com.maybestore.Login_demo@790da477</td></tr>
<tr>
<td title='com.maybestore.Login_demo.TC_09_MissingCharactersBeforeAtSignInEmail()'><b>TC_09_MissingCharactersBeforeAtSignInEmail</b><br>Test class: com.maybestore.Login_demo<br/>
<a href="#Output-368042342" onClick='toggleBox("Output-368042342", this, "Show output", "Hide output");'>Show output</a>

<a href="#Output-368042342" onClick="toggleAllBoxes();">Show all outputs</a>
<div class='log' id="Output-368042342">
[2024-04-25 21:28:13,462 INFO com.maybestore.Login_demo] - TC_09_MissingCharactersBeforeAtSignInEmailStep 1: Hover login span 
<br><br/>
[2024-04-25 21:28:14,007 INFO com.maybestore.Login_demo] - TC_09_MissingCharactersBeforeAtSignInEmailStep 2: Click button login 
<br><br/>
[2024-04-25 21:28:19,309 INFO com.maybestore.Login_demo] - TC_09_MissingCharactersBeforeAtSignInEmailStep 3: Open Login Page 
<br><br/>
[2024-04-25 21:28:19,309 INFO com.maybestore.Login_demo] - TC_09_MissingCharactersBeforeAtSignInEmailStep 4: Sendkey data Email Textbox 
<br><br/>
[2024-04-25 21:28:19,782 INFO com.maybestore.Login_demo] - TC_09_MissingCharactersBeforeAtSignInEmailStep 5: Sendkey data Pass 
<br><br/>
[2024-04-25 21:28:20,545 INFO com.maybestore.Login_demo] - TC_09_MissingCharactersBeforeAtSignInEmailStep 6: Click Button Login
<br><br/>
[2024-04-25 21:28:21,983 INFO com.maybestore.Login_demo] - ---------------------- PASSED -----------------------
<br><br/>
[2024-04-25 21:28:21,991 INFO com.maybestore.Login_demo] - Step 7 :Vui lòng điền một địa chỉ email.
<br><br/>
[2024-04-25 21:28:21,991 INFO com.maybestore.Login_demo] - ---------------------- FAILED -----------------------
<br><br/>
<br><a target="_blank" href="file:///D:\prject-traning\Online_Class_22\01-software\eclipse-java-2022-03-R-win32-x86_64\workspace\test-maybi-site/reportNGScreenshortRegister/TC_09_MissingCharactersBeforeAtSignInEmail_25_04_2024_09_28_21.png"><img src="file:///D:\prject-traning\Online_Class_22\01-software\eclipse-java-2022-03-R-win32-x86_64\workspace\test-maybi-site/reportNGScreenshortRegister/TC_09_MissingCharactersBeforeAtSignInEmail_25_04_2024_09_28_21.png" height='100' width='150'/> </a></br><br/>
</div>
</td>
<td><div><pre>java.lang.AssertionError: expected [Vui lòng điền một địa chỉ email.] but found [Please enter a part followed by &apos;@&apos;. &apos;@gmail.com&apos; is incomplete.]
	at commons.BaseTest.verifyEquals(BaseTest.java:105)
	at com.maybestore.Login_demo.TC_09_MissingCharactersBeforeAtSignInEmail(Login_demo.java:322)
	at java.base/java.util.concurrent.FutureTask.run(FutureTask.java:264)
	at java.base/java.util.concurrent.ThreadPoolExecutor.runWorker(ThreadPoolExecutor.java:1136)
	at java.base/java.util.concurrent.ThreadPoolExecutor$Worker.run(ThreadPoolExecutor.java:635)
	at java.base/java.lang.Thread.run(Thread.java:833)
... Removed 21 stack frames</pre></div><a href='#' onClick='toggleBox("stack-trace368042342", this, "Click to show all stack frames", "Click to hide stack frames")'>Click to show all stack frames</a>
<div class='stack-trace' id='stack-trace368042342'><pre>java.lang.AssertionError: expected [Vui lòng điền một địa chỉ email.] but found [Please enter a part followed by &apos;@&apos;. &apos;@gmail.com&apos; is incomplete.]
	at org.testng.Assert.fail(Assert.java:96)
	at org.testng.Assert.failNotEquals(Assert.java:776)
	at org.testng.Assert.assertEqualsImpl(Assert.java:137)
	at org.testng.Assert.assertEquals(Assert.java:118)
	at org.testng.Assert.assertEquals(Assert.java:442)
	at commons.BaseTest.verifyEquals(BaseTest.java:105)
	at com.maybestore.Login_demo.TC_09_MissingCharactersBeforeAtSignInEmail(Login_demo.java:322)
	at java.base/jdk.internal.reflect.NativeMethodAccessorImpl.invoke0(Native Method)
	at java.base/jdk.internal.reflect.NativeMethodAccessorImpl.invoke(NativeMethodAccessorImpl.java:77)
	at java.base/jdk.internal.reflect.DelegatingMethodAccessorImpl.invoke(DelegatingMethodAccessorImpl.java:43)
	at java.base/java.lang.reflect.Method.invoke(Method.java:568)
	at org.testng.internal.MethodInvocationHelper.invokeMethod(MethodInvocationHelper.java:124)
	at org.testng.internal.Invoker.invokeMethod(Invoker.java:583)
	at org.testng.internal.Invoker.invokeTestMethod(Invoker.java:719)
	at org.testng.internal.Invoker.invokeTestMethods(Invoker.java:989)
	at org.testng.internal.TestMethodWorker.invokeTestMethods(TestMethodWorker.java:125)
	at org.testng.internal.TestMethodWorker.run(TestMethodWorker.java:109)
	at org.testng.TestRunner.privateRun(TestRunner.java:648)
	at org.testng.TestRunner.run(TestRunner.java:505)
	at org.testng.SuiteRunner.runTest(SuiteRunner.java:455)
	at org.testng.SuiteRunner.access$000(SuiteRunner.java:40)
	at org.testng.SuiteRunner$SuiteWorker.run(SuiteRunner.java:489)
	at org.testng.internal.thread.ThreadUtil$1.call(ThreadUtil.java:52)
	at java.base/java.util.concurrent.FutureTask.run(FutureTask.java:264)
	at java.base/java.util.concurrent.ThreadPoolExecutor.runWorker(ThreadPoolExecutor.java:1136)
	at java.base/java.util.concurrent.ThreadPoolExecutor$Worker.run(ThreadPoolExecutor.java:635)
	at java.base/java.lang.Thread.run(Thread.java:833)
</pre></div></td>
<td>8</td>
<td>com.maybestore.Login_demo@790da477</td></tr>
</table><p>
<table width='100%' border='1' class='invocation-passed'>
<tr><td colspan='4' align='center'><b>PASSED TESTS</b></td></tr>
<tr><td><b>Test method</b></td>
<td width="30%"><b>Exception</b></td>
<td width="10%"><b>Time (seconds)</b></td>
<td><b>Instance</b></td>
</tr>
<tr>
<td title='com.maybestore.Login_demo.TC_04_CorrectEmailAndIncorrectPass()'><b>TC_04_CorrectEmailAndIncorrectPass</b><br>Test class: com.maybestore.Login_demo<br/>
<a href="#Output-59710126" onClick='toggleBox("Output-59710126", this, "Show output", "Hide output");'>Show output</a>

<a href="#Output-59710126" onClick="toggleAllBoxes();">Show all outputs</a>
<div class='log' id="Output-59710126">
[2024-04-25 21:26:30,567 INFO com.maybestore.Login_demo] - Step 1: Hover login span 
<br><br/>
[2024-04-25 21:26:33,153 INFO com.maybestore.Login_demo] - Step 2: Click button login 
<br><br/>
[2024-04-25 21:26:37,933 INFO com.maybestore.Login_demo] - Step 3: Open Login Page 
<br><br/>
[2024-04-25 21:26:37,933 INFO com.maybestore.Login_demo] - Step 4: Sendkey data Email Textbox 
<br><br/>
[2024-04-25 21:26:38,606 INFO com.maybestore.Login_demo] - Step 5: Sendkey data Pass 
<br><br/>
[2024-04-25 21:26:41,867 INFO com.maybestore.Login_demo] - Step 6: Click Button Login
<br><br/>
[2024-04-25 21:26:47,979 INFO com.maybestore.Login_demo] - ---------------------- PASSED -----------------------
<br><br/>
[2024-04-25 21:26:48,241 INFO com.maybestore.Login_demo] - ---------------------- PASSED -----------------------
<br><br/>
</div>
</td>
<td></td>
<td>17</td>
<td>com.maybestore.Login_demo@790da477</td></tr>
<tr>
<td title='com.maybestore.Login_demo.TC_10_DisabledEmail_LoginWithPassword()'><b>TC_10_DisabledEmail_LoginWithPassword</b><br>Test class: com.maybestore.Login_demo<br/>
<a href="#Output-178080820" onClick='toggleBox("Output-178080820", this, "Show output", "Hide output");'>Show output</a>

<a href="#Output-178080820" onClick="toggleAllBoxes();">Show all outputs</a>
<div class='log' id="Output-178080820">
[2024-04-25 21:28:37,557 INFO com.maybestore.Login_demo] - TC_09_MissingCharactersBeforeAtSignInEmailStep 1: Hover login span 
<br><br/>
[2024-04-25 21:28:38,561 INFO com.maybestore.Login_demo] - TC_09_MissingCharactersBeforeAtSignInEmailStep 2: Click button login 
<br><br/>
[2024-04-25 21:28:43,664 INFO com.maybestore.Login_demo] - TC_09_MissingCharactersBeforeAtSignInEmailStep 3: Open Login Page 
<br><br/>
[2024-04-25 21:28:43,664 INFO com.maybestore.Login_demo] - TC_09_MissingCharactersBeforeAtSignInEmailStep 4: Sendkey data Email Textbox 
<br><br/>
[2024-04-25 21:28:44,617 INFO com.maybestore.Login_demo] - TC_09_MissingCharactersBeforeAtSignInEmailStep 5: Sendkey data Pass 
<br><br/>
[2024-04-25 21:28:45,147 INFO com.maybestore.Login_demo] - TC_09_MissingCharactersBeforeAtSignInEmailStep 6: Click Button Login
<br><br/>
[2024-04-25 21:28:49,197 INFO com.maybestore.Login_demo] - ---------------------- PASSED -----------------------
<br><br/>
[2024-04-25 21:28:49,205 INFO com.maybestore.Login_demo] - Step 7 :Vui lòng điền vào trường này.
<br><br/>
[2024-04-25 21:28:49,206 INFO com.maybestore.Login_demo] - Step 7 : verify
<br><br/>
[2024-04-25 21:28:51,365 INFO com.maybestore.Login_demo] - ---------------------- PASSED -----------------------
<br><br/>
</div>
</td>
<td></td>
<td>13</td>
<td>com.maybestore.Login_demo@790da477</td></tr>
<tr>
<td title='com.maybestore.Login_demo.TC_11_DeletedEmail_LoginWithPassword()'><b>TC_11_DeletedEmail_LoginWithPassword</b><br>Test class: com.maybestore.Login_demo<br/>
<a href="#Output-226549454" onClick='toggleBox("Output-226549454", this, "Show output", "Hide output");'>Show output</a>

<a href="#Output-226549454" onClick="toggleAllBoxes();">Show all outputs</a>
<div class='log' id="Output-226549454">
[2024-04-25 21:28:59,938 INFO com.maybestore.Login_demo] - TC_09_MissingCharactersBeforeAtSignInEmailStep 1: Hover login span 
<br><br/>
[2024-04-25 21:29:03,488 INFO com.maybestore.Login_demo] - TC_09_MissingCharactersBeforeAtSignInEmailStep 2: Click button login 
<br><br/>
[2024-04-25 21:29:06,231 INFO com.maybestore.Login_demo] - TC_09_MissingCharactersBeforeAtSignInEmailStep 3: Open Login Page 
<br><br/>
[2024-04-25 21:29:06,232 INFO com.maybestore.Login_demo] - TC_09_MissingCharactersBeforeAtSignInEmailStep 4: Sendkey data Email Textbox 
<br><br/>
[2024-04-25 21:29:06,731 INFO com.maybestore.Login_demo] - TC_09_MissingCharactersBeforeAtSignInEmailStep 5: Sendkey data Pass 
<br><br/>
[2024-04-25 21:29:07,116 INFO com.maybestore.Login_demo] - TC_09_MissingCharactersBeforeAtSignInEmailStep 6: Click Button Login
<br><br/>
[2024-04-25 21:29:13,533 INFO com.maybestore.Login_demo] - ---------------------- PASSED -----------------------
<br><br/>
</div>
</td>
<td></td>
<td>13</td>
<td>com.maybestore.Login_demo@790da477</td></tr>
<tr>
<td title='com.maybestore.Login_demo.TC_12_ValidEmailAndPassword_Login()'><b>TC_12_ValidEmailAndPassword_Login</b><br>Test class: com.maybestore.Login_demo<br/>
<a href="#Output-1676382931" onClick='toggleBox("Output-1676382931", this, "Show output", "Hide output");'>Show output</a>

<a href="#Output-1676382931" onClick="toggleAllBoxes();">Show all outputs</a>
<div class='log' id="Output-1676382931">
[2024-04-25 21:29:22,522 INFO com.maybestore.Login_demo] - TC_12_ValidEmailAndPassword_LoginStep 1: Hover login span 
<br><br/>
[2024-04-25 21:29:23,038 INFO com.maybestore.Login_demo] - TC_12_ValidEmailAndPassword_LoginStep 2: Click button login 
<br><br/>
[2024-04-25 21:29:25,283 INFO com.maybestore.Login_demo] - TC_12_ValidEmailAndPassword_LoginStep 3: Open Login Page 
<br><br/>
[2024-04-25 21:29:25,283 INFO com.maybestore.Login_demo] - TC_12_ValidEmailAndPassword_LoginStep 4: Sendkey data Email Textbox 
<br><br/>
[2024-04-25 21:29:26,229 INFO com.maybestore.Login_demo] - TC_12_ValidEmailAndPassword_LoginStep 5: Sendkey data Pass 
<br><br/>
[2024-04-25 21:29:28,662 INFO com.maybestore.Login_demo] - TC_12_ValidEmailAndPassword_LoginStep 6: Click Button Login
<br><br/>
[2024-04-25 21:29:32,368 INFO com.maybestore.Login_demo] - ---------------------- PASSED -----------------------
<br><br/>
</div>
</td>
<td></td>
<td>9</td>
<td>com.maybestore.Login_demo@790da477</td></tr>
</table><p>
</body>
</html>