<?xml version="1.0" encoding="UTF-8"?>
<!-- Generated by org.testng.reporters.JUnitXMLReporter -->
<testsuite ignored="0" hostname="MAI" failures="9" tests="13" name="Run on FIREFOX" time="307.76" errors="0" timestamp="25 thg 4 2024 14:29:33 GMT">
  <testcase classname="com.maybestore.Login_demo" name="TC_0001_EmptyEmailAndPasswordFields" time="7.04">
    <failure type="java.lang.AssertionError" message="expected [Vui lòng điền vào trường này.] but found [Please fill out this field.]">
      <![CDATA[java.lang.AssertionError: expected [Vui lòng điền vào trường này.] but found [Please fill out this field.]
at commons.BaseTest.verifyEquals(BaseTest.java:105)
at com.maybestore.Login_demo.TC_0001_EmptyEmailAndPasswordFields(Login_demo.java:66)
at java.base/java.util.concurrent.FutureTask.run(FutureTask.java:264)
at java.base/java.util.concurrent.ThreadPoolExecutor.runWorker(ThreadPoolExecutor.java:1136)
at java.base/java.util.concurrent.ThreadPoolExecutor$Worker.run(ThreadPoolExecutor.java:635)
at java.base/java.lang.Thread.run(Thread.java:833)
... Removed 21 stack frames]]>
    </failure>
  </testcase> <!-- TC_0001_EmptyEmailAndPasswordFields -->
  <testcase classname="com.maybestore.Login_demo" name="TC_01_EmptyEmailAndPasswordFields" time="8.081">
    <failure type="java.lang.AssertionError" message="expected [Vui lòng điền vào trường này.] but found [Please fill out this field.]">
      <![CDATA[java.lang.AssertionError: expected [Vui lòng điền vào trường này.] but found [Please fill out this field.]
at commons.BaseTest.verifyEquals(BaseTest.java:105)
at com.maybestore.Login_demo.TC_01_EmptyEmailAndPasswordFields(Login_demo.java:93)
at java.base/java.util.concurrent.FutureTask.run(FutureTask.java:264)
at java.base/java.util.concurrent.ThreadPoolExecutor.runWorker(ThreadPoolExecutor.java:1136)
at java.base/java.util.concurrent.ThreadPoolExecutor$Worker.run(ThreadPoolExecutor.java:635)
at java.base/java.lang.Thread.run(Thread.java:833)
... Removed 21 stack frames]]>
    </failure>
  </testcase> <!-- TC_01_EmptyEmailAndPasswordFields -->
  <testcase classname="com.maybestore.Login_demo" name="TC_02_CorrectEmailFieldValidation" time="10.805">
    <failure type="java.lang.AssertionError" message="expected [Vui lòng điền vào trường này.] but found [Please fill out this field.]">
      <![CDATA[java.lang.AssertionError: expected [Vui lòng điền vào trường này.] but found [Please fill out this field.]
at commons.BaseTest.verifyEquals(BaseTest.java:105)
at com.maybestore.Login_demo.TC_02_CorrectEmailFieldValidation(Login_demo.java:120)
at java.base/java.util.concurrent.FutureTask.run(FutureTask.java:264)
at java.base/java.util.concurrent.ThreadPoolExecutor.runWorker(ThreadPoolExecutor.java:1136)
at java.base/java.util.concurrent.ThreadPoolExecutor$Worker.run(ThreadPoolExecutor.java:635)
at java.base/java.lang.Thread.run(Thread.java:833)
... Removed 21 stack frames]]>
    </failure>
  </testcase> <!-- TC_02_CorrectEmailFieldValidation -->
  <testcase classname="com.maybestore.Login_demo" name="TC_03_CorrectPassFieldValidation" time="17.212">
    <failure type="java.lang.AssertionError" message="expected [Vui lòng điền vào trường này.] but found [Please fill out this field.]">
      <![CDATA[java.lang.AssertionError: expected [Vui lòng điền vào trường này.] but found [Please fill out this field.]
at commons.BaseTest.verifyEquals(BaseTest.java:105)
at com.maybestore.Login_demo.TC_03_CorrectPassFieldValidation(Login_demo.java:147)
at java.base/java.util.concurrent.FutureTask.run(FutureTask.java:264)
at java.base/java.util.concurrent.ThreadPoolExecutor.runWorker(ThreadPoolExecutor.java:1136)
at java.base/java.util.concurrent.ThreadPoolExecutor$Worker.run(ThreadPoolExecutor.java:635)
at java.base/java.lang.Thread.run(Thread.java:833)
... Removed 21 stack frames]]>
    </failure>
  </testcase> <!-- TC_03_CorrectPassFieldValidation -->
  <testcase classname="com.maybestore.Login_demo" name="TC_04_CorrectEmailAndIncorrectPass" time="17.677"/>
  <testcase classname="com.maybestore.Login_demo" name="TC_05_InCorrectEmailAndCorrectPass" time="1.547">
    <failure type="org.openqa.selenium.ElementNotInteractableException" message="Element &amp;lt;a href=&amp;quot;/account/login&amp;quot;&amp;gt; could not be scrolled into view
Build info: version: &amp;apos;4.14.1&amp;apos;, revision: &amp;apos;03f8ede370&amp;apos;
System info: os.name: &amp;apos;Windows 11&amp;apos;, os.arch: &amp;apos;amd64&amp;apos;, os.version: &amp;apos;10.0&amp;apos;, java.version: &amp;apos;17.0.2&amp;apos;
Driver info: org.openqa.selenium.firefox.FirefoxDriver
Command: [b988a933-e639-44bd-b034-cf417a334c4e, clickElement {id=979225c5-46ab-4dcf-9dce-6d26f7c4c4da}]
Capabilities {acceptInsecureCerts: true, browserName: firefox, browserVersion: 119.0, moz:accessibilityChecks: false, moz:buildID: 20231019122658, moz:debuggerAddress: 127.0.0.1:30374, moz:geckodriverVersion: 0.34.0, moz:headless: false, moz:platformVersion: 10.0, moz:processID: 20436, moz:profile: C:\Users\MAIDUO~1\AppData\L..., moz:shutdownTimeout: 60000, moz:webdriverClick: true, moz:windowless: false, pageLoadStrategy: normal, platformName: windows, proxy: Proxy(), se:cdp: ws://127.0.0.1:30374/devtoo..., se:cdpVersion: 85.0, setWindowRect: true, strictFileInteractability: false, timeouts: {implicit: 0, pageLoad: 300000, script: 30000}, unhandledPromptBehavior: dismiss and notify}
Element: [[FirefoxDriver: firefox on windows (b988a933-e639-44bd-b034-cf417a334c4e)] -&amp;gt; xpath: (//a[@title=&amp;apos;Đăng nhập&amp;apos;])[1]]
Session ID: b988a933-e639-44bd-b034-cf417a334c4e">
      <![CDATA[org.openqa.selenium.ElementNotInteractableException: Element <a href="/account/login"> could not be scrolled into view
Build info: version: '4.14.1', revision: '03f8ede370'
System info: os.name: 'Windows 11', os.arch: 'amd64', os.version: '10.0', java.version: '17.0.2'
Driver info: org.openqa.selenium.firefox.FirefoxDriver
Command: [b988a933-e639-44bd-b034-cf417a334c4e, clickElement {id=979225c5-46ab-4dcf-9dce-6d26f7c4c4da}]
Capabilities {acceptInsecureCerts: true, browserName: firefox, browserVersion: 119.0, moz:accessibilityChecks: false, moz:buildID: 20231019122658, moz:debuggerAddress: 127.0.0.1:30374, moz:geckodriverVersion: 0.34.0, moz:headless: false, moz:platformVersion: 10.0, moz:processID: 20436, moz:profile: C:\Users\MAIDUO~1\AppData\L..., moz:shutdownTimeout: 60000, moz:webdriverClick: true, moz:windowless: false, pageLoadStrategy: normal, platformName: windows, proxy: Proxy(), se:cdp: ws://127.0.0.1:30374/devtoo..., se:cdpVersion: 85.0, setWindowRect: true, strictFileInteractability: false, timeouts: {implicit: 0, pageLoad: 300000, script: 30000}, unhandledPromptBehavior: dismiss and notify}
Element: [[FirefoxDriver: firefox on windows (b988a933-e639-44bd-b034-cf417a334c4e)] -> xpath: (//a[@title='Đăng nhập'])[1]]
Session ID: b988a933-e639-44bd-b034-cf417a334c4e
at org.openqa.selenium.remote.codec.w3c.W3CHttpResponseCodec.createException(W3CHttpResponseCodec.java:200)
at org.openqa.selenium.remote.codec.w3c.W3CHttpResponseCodec.decode(W3CHttpResponseCodec.java:133)
at org.openqa.selenium.remote.codec.w3c.W3CHttpResponseCodec.decode(W3CHttpResponseCodec.java:52)
at org.openqa.selenium.remote.HttpCommandExecutor.execute(HttpCommandExecutor.java:191)
at org.openqa.selenium.remote.service.DriverCommandExecutor.invokeExecute(DriverCommandExecutor.java:200)
at org.openqa.selenium.remote.service.DriverCommandExecutor.execute(DriverCommandExecutor.java:175)
at org.openqa.selenium.remote.RemoteWebDriver.execute(RemoteWebDriver.java:602)
at org.openqa.selenium.remote.RemoteWebElement.execute(RemoteWebElement.java:224)
at org.openqa.selenium.remote.RemoteWebElement.click(RemoteWebElement.java:77)
at commons.BasePage.clickToElement(BasePage.java:169)
at pageObjects.maybistore.HomeObject.clickToLoginLink(HomeObject.java:28)
at com.maybestore.Login_demo.TC_05_InCorrectEmailAndCorrectPass(Login_demo.java:180)
at java.base/java.util.concurrent.FutureTask.run(FutureTask.java:264)
at java.base/java.util.concurrent.ThreadPoolExecutor.runWorker(ThreadPoolExecutor.java:1136)
at java.base/java.util.concurrent.ThreadPoolExecutor$Worker.run(ThreadPoolExecutor.java:635)
at java.base/java.lang.Thread.run(Thread.java:833)
... Removed 21 stack frames]]>
    </failure>
  </testcase> <!-- TC_05_InCorrectEmailAndCorrectPass -->
  <testcase classname="com.maybestore.Login_demo" name="TC_06_InvalidEmailFormat" time="10.125">
    <failure type="java.lang.AssertionError" message="expected [Vui lòng điền một địa chỉ email.] but found [Please include an &amp;apos;@&amp;apos; in the email address. &amp;apos;duongmai&amp;apos; is missing an &amp;apos;@&amp;apos;.]">
      <![CDATA[java.lang.AssertionError: expected [Vui lòng điền một địa chỉ email.] but found [Please include an '@' in the email address. 'duongmai' is missing an '@'.]
at commons.BaseTest.verifyEquals(BaseTest.java:105)
at com.maybestore.Login_demo.TC_06_InvalidEmailFormat(Login_demo.java:230)
at java.base/java.util.concurrent.FutureTask.run(FutureTask.java:264)
at java.base/java.util.concurrent.ThreadPoolExecutor.runWorker(ThreadPoolExecutor.java:1136)
at java.base/java.util.concurrent.ThreadPoolExecutor$Worker.run(ThreadPoolExecutor.java:635)
at java.base/java.lang.Thread.run(Thread.java:833)
... Removed 21 stack frames]]>
    </failure>
  </testcase> <!-- TC_06_InvalidEmailFormat -->
  <testcase classname="com.maybestore.Login_demo" name="TC_07_MissingDomainAfterAtSignInEmail" time="7.079">
    <failure type="java.lang.AssertionError" message="expected [Vui lòng điền một địa chỉ email.] but found [Please enter a part following &amp;apos;@&amp;apos;. &amp;apos;maiduong060801@&amp;apos; is incomplete.]">
      <![CDATA[java.lang.AssertionError: expected [Vui lòng điền một địa chỉ email.] but found [Please enter a part following '@'. 'maiduong060801@' is incomplete.]
at commons.BaseTest.verifyEquals(BaseTest.java:105)
at com.maybestore.Login_demo.TC_07_MissingDomainAfterAtSignInEmail(Login_demo.java:259)
at java.base/java.util.concurrent.FutureTask.run(FutureTask.java:264)
at java.base/java.util.concurrent.ThreadPoolExecutor.runWorker(ThreadPoolExecutor.java:1136)
at java.base/java.util.concurrent.ThreadPoolExecutor$Worker.run(ThreadPoolExecutor.java:635)
at java.base/java.lang.Thread.run(Thread.java:833)
... Removed 21 stack frames]]>
    </failure>
  </testcase> <!-- TC_07_MissingDomainAfterAtSignInEmail -->
  <testcase classname="com.maybestore.Login_demo" name="TC_08_IncorrectDomainAfterAtSignInEmail" time="11.303">
    <failure type="java.lang.AssertionError" message="expected [Thông tin đăng nhập không hợp lệ.] but found [Số điện thoại không hợp lệ.]">
      <![CDATA[java.lang.AssertionError: expected [Thông tin đăng nhập không hợp lệ.] but found [Số điện thoại không hợp lệ.]
at commons.BaseTest.verifyEquals(BaseTest.java:105)
at com.maybestore.Login_demo.TC_08_IncorrectDomainAfterAtSignInEmail(Login_demo.java:291)
at java.base/java.util.concurrent.FutureTask.run(FutureTask.java:264)
at java.base/java.util.concurrent.ThreadPoolExecutor.runWorker(ThreadPoolExecutor.java:1136)
at java.base/java.util.concurrent.ThreadPoolExecutor$Worker.run(ThreadPoolExecutor.java:635)
at java.base/java.lang.Thread.run(Thread.java:833)
... Removed 21 stack frames]]>
    </failure>
  </testcase> <!-- TC_08_IncorrectDomainAfterAtSignInEmail -->
  <testcase classname="com.maybestore.Login_demo" name="TC_09_MissingCharactersBeforeAtSignInEmail" time="8.531">
    <failure type="java.lang.AssertionError" message="expected [Vui lòng điền một địa chỉ email.] but found [Please enter a part followed by &amp;apos;@&amp;apos;. &amp;apos;@gmail.com&amp;apos; is incomplete.]">
      <![CDATA[java.lang.AssertionError: expected [Vui lòng điền một địa chỉ email.] but found [Please enter a part followed by '@'. '@gmail.com' is incomplete.]
at commons.BaseTest.verifyEquals(BaseTest.java:105)
at com.maybestore.Login_demo.TC_09_MissingCharactersBeforeAtSignInEmail(Login_demo.java:322)
at java.base/java.util.concurrent.FutureTask.run(FutureTask.java:264)
at java.base/java.util.concurrent.ThreadPoolExecutor.runWorker(ThreadPoolExecutor.java:1136)
at java.base/java.util.concurrent.ThreadPoolExecutor$Worker.run(ThreadPoolExecutor.java:635)
at java.base/java.lang.Thread.run(Thread.java:833)
... Removed 21 stack frames]]>
    </failure>
  </testcase> <!-- TC_09_MissingCharactersBeforeAtSignInEmail -->
  <testcase classname="com.maybestore.Login_demo" name="TC_10_DisabledEmail_LoginWithPassword" time="13.811"/>
  <testcase classname="com.maybestore.Login_demo" name="TC_11_DeletedEmail_LoginWithPassword" time="13.598"/>
  <testcase classname="com.maybestore.Login_demo" name="TC_12_ValidEmailAndPassword_Login" time="9.848"/>
</testsuite> <!-- Run on FIREFOX -->
