<?xml version="1.0" encoding="UTF-8"?>
<!-- Generated by org.testng.reporters.JUnitXMLReporter -->
<testsuite ignored="0" hostname="MAI" failures="2" tests="19" name="Run on CHROME" time="412.982" errors="0" timestamp="22 thg 5 2024 01:43:28 GMT">
  <testcase classname="com.maybestore.Testcase_Register" name="TC_01_RegisterEmpty_All_Fields" time="4.879"/>
  <testcase classname="com.maybestore.Testcase_Register" name="TC_02_RegisterWithEmptyLastName" time="2.873"/>
  <testcase classname="com.maybestore.Testcase_Register" name="TC_02_RegisterWithWhitespaceLasName" time="13.132">
    <failure type="org.openqa.selenium.JavascriptException" message="javascript error: Cannot read properties of null (reading &amp;apos;validationMessage&amp;apos;)
  (Session info: chrome=124.0.6367.208)
Build info: version: &amp;apos;4.14.1&amp;apos;, revision: &amp;apos;03f8ede370&amp;apos;
System info: os.name: &amp;apos;Windows 11&amp;apos;, os.arch: &amp;apos;amd64&amp;apos;, os.version: &amp;apos;10.0&amp;apos;, java.version: &amp;apos;17.0.2&amp;apos;
Driver info: org.openqa.selenium.chrome.ChromeDriver
Command: [580f1f8ffa400fc5a9f05287ee48c6f1, executeScript {script=return document.querySelector(&amp;apos;#lastName&amp;apos;).validationMessage;, args=[]}]
Capabilities {acceptInsecureCerts: false, browserName: chrome, browserVersion: 124.0.6367.208, chrome: {chromedriverVersion: 124.0.6367.207 (a9001a6e39f..., userDataDir: C:\Windows\SystemTemp\scope...}, fedcm:accounts: true, goog:chromeOptions: {debuggerAddress: localhost:56735}, networkConnectionEnabled: false, pageLoadStrategy: normal, platformName: windows, proxy: Proxy(), se:cdp: ws://localhost:56735/devtoo..., se:cdpVersion: 124.0.6367.208, setWindowRect: true, strictFileInteractability: false, timeouts: {implicit: 0, pageLoad: 300000, script: 30000}, unhandledPromptBehavior: dismiss and notify, webauthn:extension:credBlob: true, webauthn:extension:largeBlob: true, webauthn:extension:minPinLength: true, webauthn:extension:prf: true, webauthn:virtualAuthenticators: true}
Session ID: 580f1f8ffa400fc5a9f05287ee48c6f1">
      <![CDATA[org.openqa.selenium.JavascriptException: javascript error: Cannot read properties of null (reading 'validationMessage')
  (Session info: chrome=124.0.6367.208)
Build info: version: '4.14.1', revision: '03f8ede370'
System info: os.name: 'Windows 11', os.arch: 'amd64', os.version: '10.0', java.version: '17.0.2'
Driver info: org.openqa.selenium.chrome.ChromeDriver
Command: [580f1f8ffa400fc5a9f05287ee48c6f1, executeScript {script=return document.querySelector('#lastName').validationMessage;, args=[]}]
Capabilities {acceptInsecureCerts: false, browserName: chrome, browserVersion: 124.0.6367.208, chrome: {chromedriverVersion: 124.0.6367.207 (a9001a6e39f..., userDataDir: C:\Windows\SystemTemp\scope...}, fedcm:accounts: true, goog:chromeOptions: {debuggerAddress: localhost:56735}, networkConnectionEnabled: false, pageLoadStrategy: normal, platformName: windows, proxy: Proxy(), se:cdp: ws://localhost:56735/devtoo..., se:cdpVersion: 124.0.6367.208, setWindowRect: true, strictFileInteractability: false, timeouts: {implicit: 0, pageLoad: 300000, script: 30000}, unhandledPromptBehavior: dismiss and notify, webauthn:extension:credBlob: true, webauthn:extension:largeBlob: true, webauthn:extension:minPinLength: true, webauthn:extension:prf: true, webauthn:virtualAuthenticators: true}
Session ID: 580f1f8ffa400fc5a9f05287ee48c6f1
at org.openqa.selenium.remote.codec.w3c.W3CHttpResponseCodec.createException(W3CHttpResponseCodec.java:200)
at org.openqa.selenium.remote.codec.w3c.W3CHttpResponseCodec.decode(W3CHttpResponseCodec.java:133)
at org.openqa.selenium.remote.codec.w3c.W3CHttpResponseCodec.decode(W3CHttpResponseCodec.java:52)
at org.openqa.selenium.remote.HttpCommandExecutor.execute(HttpCommandExecutor.java:191)
at org.openqa.selenium.remote.service.DriverCommandExecutor.invokeExecute(DriverCommandExecutor.java:200)
at org.openqa.selenium.remote.service.DriverCommandExecutor.execute(DriverCommandExecutor.java:175)
at org.openqa.selenium.remote.RemoteWebDriver.execute(RemoteWebDriver.java:602)
at org.openqa.selenium.remote.RemoteWebDriver.executeScript(RemoteWebDriver.java:467)
at commons.BaseTest.getHTML5ValidationMessageLastNameRegister(BaseTest.java:146)
at com.maybestore.Testcase_Register.TC_02_RegisterWithWhitespaceLasName(Testcase_Register.java:108)
at java.base/java.util.concurrent.FutureTask.run(FutureTask.java:264)
at java.base/java.util.concurrent.ThreadPoolExecutor.runWorker(ThreadPoolExecutor.java:1136)
at java.base/java.util.concurrent.ThreadPoolExecutor$Worker.run(ThreadPoolExecutor.java:635)
at java.base/java.lang.Thread.run(Thread.java:833)
... Removed 21 stack frames]]>
    </failure>
  </testcase> <!-- TC_02_RegisterWithWhitespaceLasName -->
  <testcase classname="com.maybestore.Testcase_Register" name="TC_03_RegisterWithEmptyFirstName" time="2.21"/>
  <testcase classname="com.maybestore.Testcase_Register" name="TC_03_RegisterWithWhitespaceFirstName" time="23.349">
    <failure type="org.openqa.selenium.JavascriptException" message="javascript error: Cannot read properties of null (reading &amp;apos;validationMessage&amp;apos;)
  (Session info: chrome=124.0.6367.208)
Build info: version: &amp;apos;4.14.1&amp;apos;, revision: &amp;apos;03f8ede370&amp;apos;
System info: os.name: &amp;apos;Windows 11&amp;apos;, os.arch: &amp;apos;amd64&amp;apos;, os.version: &amp;apos;10.0&amp;apos;, java.version: &amp;apos;17.0.2&amp;apos;
Driver info: org.openqa.selenium.chrome.ChromeDriver
Command: [6bc0a35aa9e2d48435950f66663f2138, executeScript {script=return document.querySelector(&amp;apos;#firstName&amp;apos;).validationMessage;, args=[]}]
Capabilities {acceptInsecureCerts: false, browserName: chrome, browserVersion: 124.0.6367.208, chrome: {chromedriverVersion: 124.0.6367.207 (a9001a6e39f..., userDataDir: C:\Windows\SystemTemp\scope...}, fedcm:accounts: true, goog:chromeOptions: {debuggerAddress: localhost:56855}, networkConnectionEnabled: false, pageLoadStrategy: normal, platformName: windows, proxy: Proxy(), se:cdp: ws://localhost:56855/devtoo..., se:cdpVersion: 124.0.6367.208, setWindowRect: true, strictFileInteractability: false, timeouts: {implicit: 0, pageLoad: 300000, script: 30000}, unhandledPromptBehavior: dismiss and notify, webauthn:extension:credBlob: true, webauthn:extension:largeBlob: true, webauthn:extension:minPinLength: true, webauthn:extension:prf: true, webauthn:virtualAuthenticators: true}
Session ID: 6bc0a35aa9e2d48435950f66663f2138">
      <![CDATA[org.openqa.selenium.JavascriptException: javascript error: Cannot read properties of null (reading 'validationMessage')
  (Session info: chrome=124.0.6367.208)
Build info: version: '4.14.1', revision: '03f8ede370'
System info: os.name: 'Windows 11', os.arch: 'amd64', os.version: '10.0', java.version: '17.0.2'
Driver info: org.openqa.selenium.chrome.ChromeDriver
Command: [6bc0a35aa9e2d48435950f66663f2138, executeScript {script=return document.querySelector('#firstName').validationMessage;, args=[]}]
Capabilities {acceptInsecureCerts: false, browserName: chrome, browserVersion: 124.0.6367.208, chrome: {chromedriverVersion: 124.0.6367.207 (a9001a6e39f..., userDataDir: C:\Windows\SystemTemp\scope...}, fedcm:accounts: true, goog:chromeOptions: {debuggerAddress: localhost:56855}, networkConnectionEnabled: false, pageLoadStrategy: normal, platformName: windows, proxy: Proxy(), se:cdp: ws://localhost:56855/devtoo..., se:cdpVersion: 124.0.6367.208, setWindowRect: true, strictFileInteractability: false, timeouts: {implicit: 0, pageLoad: 300000, script: 30000}, unhandledPromptBehavior: dismiss and notify, webauthn:extension:credBlob: true, webauthn:extension:largeBlob: true, webauthn:extension:minPinLength: true, webauthn:extension:prf: true, webauthn:virtualAuthenticators: true}
Session ID: 6bc0a35aa9e2d48435950f66663f2138
at org.openqa.selenium.remote.codec.w3c.W3CHttpResponseCodec.createException(W3CHttpResponseCodec.java:200)
at org.openqa.selenium.remote.codec.w3c.W3CHttpResponseCodec.decode(W3CHttpResponseCodec.java:133)
at org.openqa.selenium.remote.codec.w3c.W3CHttpResponseCodec.decode(W3CHttpResponseCodec.java:52)
at org.openqa.selenium.remote.HttpCommandExecutor.execute(HttpCommandExecutor.java:191)
at org.openqa.selenium.remote.service.DriverCommandExecutor.invokeExecute(DriverCommandExecutor.java:200)
at org.openqa.selenium.remote.service.DriverCommandExecutor.execute(DriverCommandExecutor.java:175)
at org.openqa.selenium.remote.RemoteWebDriver.execute(RemoteWebDriver.java:602)
at org.openqa.selenium.remote.RemoteWebDriver.executeScript(RemoteWebDriver.java:467)
at commons.BaseTest.getHTML5ValidationMessageFirstNameRegister(BaseTest.java:151)
at com.maybestore.Testcase_Register.TC_03_RegisterWithWhitespaceFirstName(Testcase_Register.java:227)
at java.base/java.util.concurrent.FutureTask.run(FutureTask.java:264)
at java.base/java.util.concurrent.ThreadPoolExecutor.runWorker(ThreadPoolExecutor.java:1136)
at java.base/java.util.concurrent.ThreadPoolExecutor$Worker.run(ThreadPoolExecutor.java:635)
at java.base/java.lang.Thread.run(Thread.java:833)
... Removed 21 stack frames]]>
    </failure>
  </testcase> <!-- TC_03_RegisterWithWhitespaceFirstName -->
  <testcase classname="com.maybestore.Testcase_Register" name="TC_04_IsValidPhoneNumberLength" time="33.197"/>
  <testcase classname="com.maybestore.Testcase_Register" name="TC_04_RegisterWithEmptyPhone" time="12.307"/>
  <testcase classname="com.maybestore.Testcase_Register" name="TC_04_RegisterWithInvalidPhoneNumber" time="2.263"/>
  <testcase classname="com.maybestore.Testcase_Register" name="TC_04_RegisterWithPhoneNumberContainingSpaces" time="2.688"/>
  <testcase classname="com.maybestore.Testcase_Register" name="TC_05_RegisterWithEmailMissingAtSymbol" time="22.044"/>
  <testcase classname="com.maybestore.Testcase_Register" name="TC_05_RegisterWithEmailMissingDomain" time="22.435"/>
  <testcase classname="com.maybestore.Testcase_Register" name="TC_05_RegisterWithEmailMissingUsername" time="21.952"/>
  <testcase classname="com.maybestore.Testcase_Register" name="TC_05_RegisterWithEmptyEmail" time="2.108"/>
  <testcase classname="com.maybestore.Testcase_Register" name="TC_06_RegisterWithExistingEmail" time="23.094"/>
  <testcase classname="com.maybestore.Testcase_Register" name="TC_07_RegisterWithEmptyPassword" time="11.84"/>
  <testcase classname="com.maybestore.Testcase_Register" name="TC_07_RegisterWithLenghtFivePassword" time="22.765"/>
  <testcase classname="com.maybestore.Testcase_Register" name="TC_07_RegisterWithLenghtFourPassword" time="52.471"/>
  <testcase classname="com.maybestore.Testcase_Register" name="TC_07_RegisterWithLenghtSixPassword" time="42.534"/>
  <testcase classname="com.maybestore.Testcase_Register" name="TC_07_RegisterWithWhitespacePassword" time="32.461"/>
</testsuite> <!-- Run on CHROME -->
