<?xml version="1.0" encoding="UTF-8"?>
<testsuite name="Run on CHROME"
           tests="18"
           failures="1"
           errors="0"
           skipped="17"
           time="46,939">
  <properties />
            <testcase name="beforeMethod" time="46,939" classname="com.maybestore.Checkount">
                <failure type="org.openqa.selenium.TimeoutException"
                  message="Expected condition failed: waiting for visibility of element located by By.xpath: //button[@class=&apos;btn btn-block btn-proceed-checkout-mobile&apos;] (tried for 30 second(s) with 500 milliseconds interval)
Build info: version: &apos;4.14.1&apos;, revision: &apos;03f8ede370&apos;
System info: os.name: &apos;Windows 11&apos;, os.arch: &apos;amd64&apos;, os.version: &apos;10.0&apos;, java.version: &apos;17.0.2&apos;
Driver info: org.openqa.selenium.chrome.ChromeDriver
Capabilities {acceptInsecureCerts: false, browserName: chrome, browserVersion: 123.0.6312.124, chrome: {chromedriverVersion: 123.0.6312.122 (31f8248cdd9..., userDataDir: C:\Windows\SystemTemp\scope...}, fedcm:accounts: true, goog:chromeOptions: {debuggerAddress: localhost:65148}, networkConnectionEnabled: false, pageLoadStrategy: normal, platformName: windows, proxy: Proxy(), se:cdp: ws://localhost:65148/devtoo..., se:cdpVersion: 123.0.6312.124, setWindowRect: true, strictFileInteractability: false, timeouts: {implicit: 0, pageLoad: 300000, script: 30000}, unhandledPromptBehavior: dismiss and notify, webauthn:extension:credBlob: true, webauthn:extension:largeBlob: true, webauthn:extension:minPinLength: true, webauthn:extension:prf: true, webauthn:virtualAuthenticators: true}
Session ID: ff2825bb012344831663397cb46e3a72"
              >
<![CDATA[org.openqa.selenium.TimeoutException: Expected condition failed: waiting for visibility of element located by By.xpath: //button[@class='btn btn-block btn-proceed-checkout-mobile'] (tried for 30 second(s) with 500 milliseconds interval)
Build info: version: '4.14.1', revision: '03f8ede370'
System info: os.name: 'Windows 11', os.arch: 'amd64', os.version: '10.0', java.version: '17.0.2'
Driver info: org.openqa.selenium.chrome.ChromeDriver
Capabilities {acceptInsecureCerts: false, browserName: chrome, browserVersion: 123.0.6312.124, chrome: {chromedriverVersion: 123.0.6312.122 (31f8248cdd9..., userDataDir: C:\Windows\SystemTemp\scope...}, fedcm:accounts: true, goog:chromeOptions: {debuggerAddress: localhost:65148}, networkConnectionEnabled: false, pageLoadStrategy: normal, platformName: windows, proxy: Proxy(), se:cdp: ws://localhost:65148/devtoo..., se:cdpVersion: 123.0.6312.124, setWindowRect: true, strictFileInteractability: false, timeouts: {implicit: 0, pageLoad: 300000, script: 30000}, unhandledPromptBehavior: dismiss and notify, webauthn:extension:credBlob: true, webauthn:extension:largeBlob: true, webauthn:extension:minPinLength: true, webauthn:extension:prf: true, webauthn:virtualAuthenticators: true}
Session ID: ff2825bb012344831663397cb46e3a72
  org.openqa.selenium.support.ui.WebDriverWait.timeoutException(WebDriverWait.java:84)
  org.openqa.selenium.support.ui.FluentWait.until(FluentWait.java:230)
  commons.BasePage.waitForElementVisible(BasePage.java:453)
  pageObjects.maybistore.CartPageObject.clickOrderButton(CartPageObject.java:78)
  com.maybestore.Checkount.beforeMethod(Checkount.java:55)
  java.base/jdk.internal.reflect.NativeMethodAccessorImpl.invoke0(Native Method)
  java.base/jdk.internal.reflect.NativeMethodAccessorImpl.invoke(NativeMethodAccessorImpl.java:77)
  java.base/jdk.internal.reflect.DelegatingMethodAccessorImpl.invoke(DelegatingMethodAccessorImpl.java:43)
  java.base/java.lang.reflect.Method.invoke(Method.java:568)
  org.testng.internal.MethodInvocationHelper.invokeMethod(MethodInvocationHelper.java:124)
  org.testng.internal.MethodInvocationHelper.invokeMethodConsideringTimeout(MethodInvocationHelper.java:59)
  org.testng.internal.Invoker.invokeConfigurationMethod(Invoker.java:458)
  org.testng.internal.Invoker.invokeConfigurations(Invoker.java:222)
  org.testng.internal.Invoker.invokeMethod(Invoker.java:523)
  org.testng.internal.Invoker.invokeTestMethod(Invoker.java:719)
  org.testng.internal.Invoker.invokeTestMethods(Invoker.java:989)
  org.testng.internal.TestMethodWorker.invokeTestMethods(TestMethodWorker.java:125)
  org.testng.internal.TestMethodWorker.run(TestMethodWorker.java:109)
  org.testng.TestRunner.privateRun(TestRunner.java:648)
  org.testng.TestRunner.run(TestRunner.java:505)
  org.testng.SuiteRunner.runTest(SuiteRunner.java:455)
  org.testng.SuiteRunner.runSequentially(SuiteRunner.java:450)
  org.testng.SuiteRunner.privateRun(SuiteRunner.java:415)
  org.testng.SuiteRunner.run(SuiteRunner.java:364)
  org.testng.SuiteRunnerWorker.runSuite(SuiteRunnerWorker.java:52)
  org.testng.SuiteRunnerWorker.run(SuiteRunnerWorker.java:84)
  org.testng.TestNG.runSuitesSequentially(TestNG.java:1208)
  org.testng.TestNG.runSuitesLocally(TestNG.java:1137)
  org.testng.TestNG.runSuites(TestNG.java:1049)
  org.testng.TestNG.run(TestNG.java:1017)
  org.testng.remote.AbstractRemoteTestNG.run(AbstractRemoteTestNG.java:115)
  org.testng.remote.RemoteTestNG.initAndRun(RemoteTestNG.java:251)
  org.testng.remote.RemoteTestNG.main(RemoteTestNG.java:77)
]]>
      </failure>

          </testcase>
  
            <testcase name="beforeMethod" time="0.0" classname="com.maybestore.Checkount">
          <skipped />
    </testcase>
            <testcase name="AfterMethod" time="0.0" classname="com.maybestore.Checkount">
          <skipped />
    </testcase>
            <testcase name="beforeMethod" time="0.0" classname="com.maybestore.Checkount">
          <skipped />
    </testcase>
            <testcase name="beforeMethod" time="0.0" classname="com.maybestore.Checkount">
          <skipped />
    </testcase>
            <testcase name="AfterMethod" time="0.0" classname="com.maybestore.Checkount">
          <skipped />
    </testcase>
            <testcase name="AfterMethod" time="0.0" classname="com.maybestore.Checkount">
          <skipped />
    </testcase>
            <testcase name="beforeMethod" time="0.0" classname="com.maybestore.Checkount">
          <skipped />
    </testcase>
            <testcase name="AfterMethod" time="0.0" classname="com.maybestore.Checkount">
          <skipped />
    </testcase>
            <testcase name="AfterMethod" time="0.0" classname="com.maybestore.Checkount">
          <skipped />
    </testcase>
            <testcase name="beforeMethod" time="0.0" classname="com.maybestore.Checkount">
          <skipped />
    </testcase>
            <testcase name="AfterMethod" time="0.0" classname="com.maybestore.Checkount">
          <skipped />
    </testcase>
            <testcase name="TC_05_ValidatAddress" time="0.0" classname="com.maybestore.Checkount">
          <skipped />
    </testcase>
            <testcase name="TC_02_Check_required_fields" time="0.0" classname="com.maybestore.Checkount">
          <skipped />
    </testcase>
            <testcase name="TC_03_ValidatFullName" time="0.0" classname="com.maybestore.Checkount">
          <skipped />
    </testcase>
            <testcase name="TC_01_Empty_All_Fields" time="0.0" classname="com.maybestore.Checkount">
          <skipped />
    </testcase>
            <testcase name="TC_04_ValidatPhone" time="0.0" classname="com.maybestore.Checkount">
          <skipped />
    </testcase>
            <testcase name="TC_06_ValidatCity_District_Ward" time="0.0" classname="com.maybestore.Checkount">
          <skipped />
    </testcase>
  
  
</testsuite>
