<?xml version="1.0" encoding="UTF-8"?>
<!-- Generated by org.testng.reporters.JUnitReportReporter -->
<testsuite hostname="MAI" failures="0" tests="12" name="com.maybestore.Cart_demo" time="155.535" errors="1" timestamp="25 thg 4 2024 13:38:38 GMT" skipped="0">
  <testcase classname="com.maybestore.Cart_demo" name="TC_05_IncreaseQuantity" time="15.293"/>
  <testcase classname="com.maybestore.Cart_demo" name="TC_02_AddDifferentProductsToCart" time="10.588">
    <error message="Element &lt;button class=&quot;btn btn_add_cart btn-cart add_to_cart is-full&quot; type=&quot;submit&quot;&gt; is not clickable at point (1020,563) because another element &lt;p&gt; obscures it
Build info: version: &#039;4.14.1&#039;, revision: &#039;03f8ede370&#039;
System info: os.name: &#039;Windows 11&#039;, os.arch: &#039;amd64&#039;, os.version: &#039;10.0&#039;, java.version: &#039;17.0.2&#039;
Driver info: org.openqa.selenium.firefox.FirefoxDriver
Command: [c4a7f4ee-f69c-4d01-88fa-99c41520fb8a, clickElement {id=5c6506cd-d43e-474a-b9c3-f09616d3fe68}]
Capabilities {acceptInsecureCerts: true, browserName: firefox, browserVersion: 119.0, moz:accessibilityChecks: false, moz:buildID: 20231019122658, moz:debuggerAddress: 127.0.0.1:27783, moz:geckodriverVersion: 0.34.0, moz:headless: false, moz:platformVersion: 10.0, moz:processID: 11704, moz:profile: C:\Users\MAIDUO~1\AppData\L..., moz:shutdownTimeout: 60000, moz:webdriverClick: true, moz:windowless: false, pageLoadStrategy: normal, platformName: windows, proxy: Proxy(), se:cdp: ws://127.0.0.1:27783/devtoo..., se:cdpVersion: 85.0, setWindowRect: true, strictFileInteractability: false, timeouts: {implicit: 0, pageLoad: 300000, script: 30000}, unhandledPromptBehavior: dismiss and notify}
Element: [[FirefoxDriver: firefox on windows (c4a7f4ee-f69c-4d01-88fa-99c41520fb8a)] -&gt; xpath: (//button[text()=&#039;THÊM VÀO GIỎ&#039;])[1]]
Session ID: c4a7f4ee-f69c-4d01-88fa-99c41520fb8a" type="org.openqa.selenium.ElementClickInterceptedException">
      <![CDATA[org.openqa.selenium.ElementClickInterceptedException: Element <button class="btn btn_add_cart btn-cart add_to_cart is-full" type="submit"> is not clickable at point (1020,563) because another element <p> obscures it
Build info: version: '4.14.1', revision: '03f8ede370'
System info: os.name: 'Windows 11', os.arch: 'amd64', os.version: '10.0', java.version: '17.0.2'
Driver info: org.openqa.selenium.firefox.FirefoxDriver
Command: [c4a7f4ee-f69c-4d01-88fa-99c41520fb8a, clickElement {id=5c6506cd-d43e-474a-b9c3-f09616d3fe68}]
Capabilities {acceptInsecureCerts: true, browserName: firefox, browserVersion: 119.0, moz:accessibilityChecks: false, moz:buildID: 20231019122658, moz:debuggerAddress: 127.0.0.1:27783, moz:geckodriverVersion: 0.34.0, moz:headless: false, moz:platformVersion: 10.0, moz:processID: 11704, moz:profile: C:\Users\MAIDUO~1\AppData\L..., moz:shutdownTimeout: 60000, moz:webdriverClick: true, moz:windowless: false, pageLoadStrategy: normal, platformName: windows, proxy: Proxy(), se:cdp: ws://127.0.0.1:27783/devtoo..., se:cdpVersion: 85.0, setWindowRect: true, strictFileInteractability: false, timeouts: {implicit: 0, pageLoad: 300000, script: 30000}, unhandledPromptBehavior: dismiss and notify}
Element: [[FirefoxDriver: firefox on windows (c4a7f4ee-f69c-4d01-88fa-99c41520fb8a)] -> xpath: (//button[text()='THÊM VÀO GIỎ'])[1]]
Session ID: c4a7f4ee-f69c-4d01-88fa-99c41520fb8a
at java.base/jdk.internal.reflect.NativeConstructorAccessorImpl.newInstance0(Native Method)
at java.base/jdk.internal.reflect.NativeConstructorAccessorImpl.newInstance(NativeConstructorAccessorImpl.java:77)
at java.base/jdk.internal.reflect.DelegatingConstructorAccessorImpl.newInstance(DelegatingConstructorAccessorImpl.java:45)
at java.base/java.lang.reflect.Constructor.newInstanceWithCaller(Constructor.java:499)
at java.base/java.lang.reflect.Constructor.newInstance(Constructor.java:480)
at org.openqa.selenium.remote.codec.w3c.W3CHttpResponseCodec.createException(W3CHttpResponseCodec.java:200)
at org.openqa.selenium.remote.codec.w3c.W3CHttpResponseCodec.decode(W3CHttpResponseCodec.java:133)
at org.openqa.selenium.remote.codec.w3c.W3CHttpResponseCodec.decode(W3CHttpResponseCodec.java:52)
at org.openqa.selenium.remote.HttpCommandExecutor.execute(HttpCommandExecutor.java:191)
at org.openqa.selenium.remote.service.DriverCommandExecutor.invokeExecute(DriverCommandExecutor.java:200)
at org.openqa.selenium.remote.service.DriverCommandExecutor.execute(DriverCommandExecutor.java:175)
at org.openqa.selenium.remote.RemoteWebDriver.execute(RemoteWebDriver.java:602)
at org.openqa.selenium.remote.RemoteWebElement.execute(RemoteWebElement.java:224)
at org.openqa.selenium.remote.RemoteWebElement.click(RemoteWebElement.java:77)
at commons.BasePage.clickToElement(BasePage.java:169)
at pageObjects.maybistore.DetailProductObject.clickAddCartButton(DetailProductObject.java:30)
at com.maybestore.Cart_demo.TC_02_AddDifferentProductsToCart(Cart_demo.java:88)
at java.base/jdk.internal.reflect.NativeMethodAccessorImpl.invoke0(Native Method)
at java.base/jdk.internal.reflect.NativeMethodAccessorImpl.invoke(NativeMethodAccessorImpl.java:77)
at java.base/jdk.internal.reflect.DelegatingMethodAccessorImpl.invoke(DelegatingMethodAccessorImpl.java:43)
at java.base/java.lang.reflect.Method.invoke(Method.java:568)
at org.testng.internal.MethodInvocationHelper.invokeMethod(MethodInvocationHelper.java:124)
at org.testng.internal.Invoker.invokeMethod(Invoker.java:583)
at org.testng.internal.Invoker.invokeTestMethod(Invoker.java:719)
at org.testng.internal.Invoker.invokeTestMethods(Invoker.java:989)
at org.testng.internal.TestMethodWorker.invokeTestMethods(TestMethodWorker.java:125)
at org.testng.internal.TestMethodWorker.run(TestMethodWorker.java:109)
at org.testng.TestRunner.privateRun(TestRunner.java:648)
at org.testng.TestRunner.run(TestRunner.java:505)
at org.testng.SuiteRunner.runTest(SuiteRunner.java:455)
at org.testng.SuiteRunner.access$000(SuiteRunner.java:40)
at org.testng.SuiteRunner$SuiteWorker.run(SuiteRunner.java:489)
at org.testng.internal.thread.ThreadUtil$1.call(ThreadUtil.java:52)
at java.base/java.util.concurrent.FutureTask.run(FutureTask.java:264)
at java.base/java.util.concurrent.ThreadPoolExecutor.runWorker(ThreadPoolExecutor.java:1136)
at java.base/java.util.concurrent.ThreadPoolExecutor$Worker.run(ThreadPoolExecutor.java:635)
at java.base/java.lang.Thread.run(Thread.java:833)
]]>
    </error>
  </testcase> <!-- TC_02_AddDifferentProductsToCart -->
  <testcase classname="com.maybestore.Cart_demo" name="TC_03_EmptyCart" time="14.279"/>
  <testcase classname="com.maybestore.Cart_demo" name="TC_02_AddDifferentProductsToCart" time="13.167"/>
  <testcase classname="com.maybestore.Cart_demo" name="TC_04_DeleteAllProductInCart" time="11.778"/>
  <testcase classname="com.maybestore.Cart_demo" name="TC_06_DecreaseQuantity" time="16.909"/>
  <testcase classname="com.maybestore.Cart_demo" name="TC_06_DecreaseQuantity" time="13.042"/>
  <testcase classname="com.maybestore.Cart_demo" name="TC_05_IncreaseQuantity" time="9.046"/>
  <testcase classname="com.maybestore.Cart_demo" name="TC_04_DeleteAllProductInCart" time="9.628"/>
  <testcase classname="com.maybestore.Cart_demo" name="TC_01_AddDuplicateProductsToCartAndCheckCart" time="17.804"/>
  <testcase classname="com.maybestore.Cart_demo" name="TC_01_AddDuplicateProductsToCartAndCheckCart" time="18.873"/>
  <testcase classname="com.maybestore.Cart_demo" name="TC_03_EmptyCart" time="5.128"/>
</testsuite> <!-- com.maybestore.Cart_demo -->
